running egg_info
creating ../../build/turtle_urdf/turtle_urdf.egg-info
writing ../../build/turtle_urdf/turtle_urdf.egg-info/PKG-INFO
writing dependency_links to ../../build/turtle_urdf/turtle_urdf.egg-info/dependency_links.txt
writing entry points to ../../build/turtle_urdf/turtle_urdf.egg-info/entry_points.txt
writing requirements to ../../build/turtle_urdf/turtle_urdf.egg-info/requires.txt
writing top-level names to ../../build/turtle_urdf/turtle_urdf.egg-info/top_level.txt
writing manifest file '../../build/turtle_urdf/turtle_urdf.egg-info/SOURCES.txt'
reading manifest file '../../build/turtle_urdf/turtle_urdf.egg-info/SOURCES.txt'
writing manifest file '../../build/turtle_urdf/turtle_urdf.egg-info/SOURCES.txt'
running build
running build_py
creating /home/zach/Documents/git-repos/turtle_urdf_ws/build/turtle_urdf/build
creating /home/zach/Documents/git-repos/turtle_urdf_ws/build/turtle_urdf/build/lib
creating /home/zach/Documents/git-repos/turtle_urdf_ws/build/turtle_urdf/build/lib/turtle_urdf
copying turtle_urdf/__init__.py -> /home/zach/Documents/git-repos/turtle_urdf_ws/build/turtle_urdf/build/lib/turtle_urdf
running install
running install_lib
creating /home/zach/Documents/git-repos/turtle_urdf_ws/install/turtle_urdf/lib/python3.10/site-packages/turtle_urdf
copying /home/zach/Documents/git-repos/turtle_urdf_ws/build/turtle_urdf/build/lib/turtle_urdf/__init__.py -> /home/zach/Documents/git-repos/turtle_urdf_ws/install/turtle_urdf/lib/python3.10/site-packages/turtle_urdf
byte-compiling /home/zach/Documents/git-repos/turtle_urdf_ws/install/turtle_urdf/lib/python3.10/site-packages/turtle_urdf/__init__.py to __init__.cpython-310.pyc
running install_data
creating /home/zach/Documents/git-repos/turtle_urdf_ws/install/turtle_urdf/share/ament_index
creating /home/zach/Documents/git-repos/turtle_urdf_ws/install/turtle_urdf/share/ament_index/resource_index
creating /home/zach/Documents/git-repos/turtle_urdf_ws/install/turtle_urdf/share/ament_index/resource_index/packages
copying resource/turtle_urdf -> /home/zach/Documents/git-repos/turtle_urdf_ws/install/turtle_urdf/share/ament_index/resource_index/packages
copying package.xml -> /home/zach/Documents/git-repos/turtle_urdf_ws/install/turtle_urdf/share/turtle_urdf
copying launch/launch.py -> /home/zach/Documents/git-repos/turtle_urdf_ws/install/turtle_urdf/share/turtle_urdf
creating /home/zach/Documents/git-repos/turtle_urdf_ws/install/turtle_urdf/share/turtle_urdf/urdf
copying urdf/turtle_assem.SLDASM.urdf -> /home/zach/Documents/git-repos/turtle_urdf_ws/install/turtle_urdf/share/turtle_urdf/urdf/
creating /home/zach/Documents/git-repos/turtle_urdf_ws/install/turtle_urdf/share/turtle_urdf/rviz
creating /home/zach/Documents/git-repos/turtle_urdf_ws/install/turtle_urdf/share/turtle_urdf/meshes
creating /home/zach/Documents/git-repos/turtle_urdf_ws/install/turtle_urdf/share/turtle_urdf/meshes/collision
copying meshes/collision/finger_r2_tip.STL -> /home/zach/Documents/git-repos/turtle_urdf_ws/install/turtle_urdf/share/turtle_urdf/meshes/collision/
copying meshes/collision/finger_2_distal.STL -> /home/zach/Documents/git-repos/turtle_urdf_ws/install/turtle_urdf/share/turtle_urdf/meshes/collision/
copying meshes/collision/shoulder_r3.STL -> /home/zach/Documents/git-repos/turtle_urdf_ws/install/turtle_urdf/share/turtle_urdf/meshes/collision/
copying meshes/collision/finger_2.STL -> /home/zach/Documents/git-repos/turtle_urdf_ws/install/turtle_urdf/share/turtle_urdf/meshes/collision/
copying meshes/collision/finger_r3_tip.STL -> /home/zach/Documents/git-repos/turtle_urdf_ws/install/turtle_urdf/share/turtle_urdf/meshes/collision/
copying meshes/collision/finger_r1.STL -> /home/zach/Documents/git-repos/turtle_urdf_ws/install/turtle_urdf/share/turtle_urdf/meshes/collision/
copying meshes/collision/shoulder_r1.STL -> /home/zach/Documents/git-repos/turtle_urdf_ws/install/turtle_urdf/share/turtle_urdf/meshes/collision/
copying meshes/collision/forearm.STL -> /home/zach/Documents/git-repos/turtle_urdf_ws/install/turtle_urdf/share/turtle_urdf/meshes/collision/
copying meshes/collision/hand.STL -> /home/zach/Documents/git-repos/turtle_urdf_ws/install/turtle_urdf/share/turtle_urdf/meshes/collision/
copying meshes/collision/finger_1.STL -> /home/zach/Documents/git-repos/turtle_urdf_ws/install/turtle_urdf/share/turtle_urdf/meshes/collision/
copying meshes/collision/hand_r.STL -> /home/zach/Documents/git-repos/turtle_urdf_ws/install/turtle_urdf/share/turtle_urdf/meshes/collision/
copying meshes/collision/humerus.STL -> /home/zach/Documents/git-repos/turtle_urdf_ws/install/turtle_urdf/share/turtle_urdf/meshes/collision/
copying meshes/collision/base_link.STL -> /home/zach/Documents/git-repos/turtle_urdf_ws/install/turtle_urdf/share/turtle_urdf/meshes/collision/
copying meshes/collision/finger_r2_forefinger.STL -> /home/zach/Documents/git-repos/turtle_urdf_ws/install/turtle_urdf/share/turtle_urdf/meshes/collision/
copying meshes/collision/ulna_r.STL -> /home/zach/Documents/git-repos/turtle_urdf_ws/install/turtle_urdf/share/turtle_urdf/meshes/collision/
copying meshes/collision/motor3.STL -> /home/zach/Documents/git-repos/turtle_urdf_ws/install/turtle_urdf/share/turtle_urdf/meshes/collision/
copying meshes/collision/finger_r3_forefinger.STL -> /home/zach/Documents/git-repos/turtle_urdf_ws/install/turtle_urdf/share/turtle_urdf/meshes/collision/
copying meshes/collision/thumb_2.STL -> /home/zach/Documents/git-repos/turtle_urdf_ws/install/turtle_urdf/share/turtle_urdf/meshes/collision/
copying meshes/collision/shoulder_r2.STL -> /home/zach/Documents/git-repos/turtle_urdf_ws/install/turtle_urdf/share/turtle_urdf/meshes/collision/
copying meshes/collision/thumb.STL -> /home/zach/Documents/git-repos/turtle_urdf_ws/install/turtle_urdf/share/turtle_urdf/meshes/collision/
copying meshes/collision/motor2.STL -> /home/zach/Documents/git-repos/turtle_urdf_ws/install/turtle_urdf/share/turtle_urdf/meshes/collision/
creating /home/zach/Documents/git-repos/turtle_urdf_ws/install/turtle_urdf/share/turtle_urdf/meshes/visual
copying meshes/visual/finger_r2_tip.STL -> /home/zach/Documents/git-repos/turtle_urdf_ws/install/turtle_urdf/share/turtle_urdf/meshes/visual/
copying meshes/visual/finger_2_distal.STL -> /home/zach/Documents/git-repos/turtle_urdf_ws/install/turtle_urdf/share/turtle_urdf/meshes/visual/
copying meshes/visual/shoulder_r3.STL -> /home/zach/Documents/git-repos/turtle_urdf_ws/install/turtle_urdf/share/turtle_urdf/meshes/visual/
copying meshes/visual/finger_2.STL -> /home/zach/Documents/git-repos/turtle_urdf_ws/install/turtle_urdf/share/turtle_urdf/meshes/visual/
copying meshes/visual/finger_r3_tip.STL -> /home/zach/Documents/git-repos/turtle_urdf_ws/install/turtle_urdf/share/turtle_urdf/meshes/visual/
copying meshes/visual/finger_r1.STL -> /home/zach/Documents/git-repos/turtle_urdf_ws/install/turtle_urdf/share/turtle_urdf/meshes/visual/
copying meshes/visual/shoulder_r1.STL -> /home/zach/Documents/git-repos/turtle_urdf_ws/install/turtle_urdf/share/turtle_urdf/meshes/visual/
copying meshes/visual/forearm.STL -> /home/zach/Documents/git-repos/turtle_urdf_ws/install/turtle_urdf/share/turtle_urdf/meshes/visual/
copying meshes/visual/hand.STL -> /home/zach/Documents/git-repos/turtle_urdf_ws/install/turtle_urdf/share/turtle_urdf/meshes/visual/
copying meshes/visual/finger_1.STL -> /home/zach/Documents/git-repos/turtle_urdf_ws/install/turtle_urdf/share/turtle_urdf/meshes/visual/
copying meshes/visual/hand_r.STL -> /home/zach/Documents/git-repos/turtle_urdf_ws/install/turtle_urdf/share/turtle_urdf/meshes/visual/
copying meshes/visual/humerus.STL -> /home/zach/Documents/git-repos/turtle_urdf_ws/install/turtle_urdf/share/turtle_urdf/meshes/visual/
copying meshes/visual/base_link.STL -> /home/zach/Documents/git-repos/turtle_urdf_ws/install/turtle_urdf/share/turtle_urdf/meshes/visual/
copying meshes/visual/finger_r2_forefinger.STL -> /home/zach/Documents/git-repos/turtle_urdf_ws/install/turtle_urdf/share/turtle_urdf/meshes/visual/
copying meshes/visual/ulna_r.STL -> /home/zach/Documents/git-repos/turtle_urdf_ws/install/turtle_urdf/share/turtle_urdf/meshes/visual/
copying meshes/visual/motor3.STL -> /home/zach/Documents/git-repos/turtle_urdf_ws/install/turtle_urdf/share/turtle_urdf/meshes/visual/
copying meshes/visual/finger_r3_forefinger.STL -> /home/zach/Documents/git-repos/turtle_urdf_ws/install/turtle_urdf/share/turtle_urdf/meshes/visual/
copying meshes/visual/thumb_2.STL -> /home/zach/Documents/git-repos/turtle_urdf_ws/install/turtle_urdf/share/turtle_urdf/meshes/visual/
copying meshes/visual/shoulder_r2.STL -> /home/zach/Documents/git-repos/turtle_urdf_ws/install/turtle_urdf/share/turtle_urdf/meshes/visual/
copying meshes/visual/thumb.STL -> /home/zach/Documents/git-repos/turtle_urdf_ws/install/turtle_urdf/share/turtle_urdf/meshes/visual/
copying meshes/visual/motor2.STL -> /home/zach/Documents/git-repos/turtle_urdf_ws/install/turtle_urdf/share/turtle_urdf/meshes/visual/
running install_egg_info
Copying ../../build/turtle_urdf/turtle_urdf.egg-info to /home/zach/Documents/git-repos/turtle_urdf_ws/install/turtle_urdf/lib/python3.10/site-packages/turtle_urdf-0.0.0-py3.10.egg-info
running install_scripts
writing list of installed files to '/home/zach/Documents/git-repos/turtle_urdf_ws/build/turtle_urdf/install.log'
