[1.072s] DEBUG:colcon:Command line arguments: ['/usr/bin/colcon', 'build']
[1.072s] DEBUG:colcon:Parsed command line arguments: Namespace(log_base=None, log_level=None, verb_name='build', build_base='build', install_base='install', merge_install=False, symlink_install=False, test_result_base=None, continue_on_error=False, executor='parallel', parallel_workers=4, event_handlers=None, ignore_user_meta=False, metas=['./colcon.meta'], base_paths=['.'], packages_ignore=None, packages_ignore_regex=None, paths=None, packages_up_to=None, packages_up_to_regex=None, packages_above=None, packages_above_and_dependencies=None, packages_above_depth=None, packages_select_by_dep=None, packages_skip_by_dep=None, packages_skip_up_to=None, packages_select_build_failed=False, packages_skip_build_finished=False, packages_select_test_failures=False, packages_skip_test_passed=False, packages_select=None, packages_skip=None, packages_select_regex=None, packages_skip_regex=None, packages_start=None, packages_end=None, cmake_args=None, cmake_target=None, cmake_target_skip_unavailable=False, cmake_clean_cache=False, cmake_clean_first=False, cmake_force_configure=False, ament_cmake_args=None, catkin_cmake_args=None, catkin_skip_building_tests=False, mixin_files=None, mixin=None, verb_parser=<colcon_mixin.mixin.mixin_argument.MixinArgumentDecorator object at 0x7fa639f6d0>, verb_extension=<colcon_core.verb.build.BuildVerb object at 0x7fa62e3f70>, main=<bound method BuildVerb.main of <colcon_core.verb.build.BuildVerb object at 0x7fa62e3f70>>, mixin_verb=('build',))
[1.155s] Level 1:colcon.colcon_core.package_discovery:discover_packages(colcon_meta) check parameters
[1.157s] INFO:colcon.colcon_metadata.package_discovery.colcon_meta:Using configuration from '/root/.colcon/metadata/default/Gazebo.meta'
[1.159s] INFO:colcon.colcon_metadata.package_discovery.colcon_meta:Using configuration from '/root/.colcon/metadata/default/fastrtps.meta'
[1.159s] Level 1:colcon.colcon_core.package_discovery:discover_packages(recursive) check parameters
[1.159s] Level 1:colcon.colcon_core.package_discovery:discover_packages(ignore) check parameters
[1.159s] Level 1:colcon.colcon_core.package_discovery:discover_packages(path) check parameters
[1.160s] Level 1:colcon.colcon_core.package_discovery:discover_packages(colcon_meta) discover
[1.160s] Level 1:colcon.colcon_core.package_discovery:discover_packages(recursive) discover
[1.160s] INFO:colcon.colcon_core.package_discovery:Crawling recursively for packages in '/root/test'
[1.160s] Level 1:colcon.colcon_core.package_identification:_identify(.) by extensions ['ignore', 'ignore_ament_install']
[1.161s] Level 1:colcon.colcon_core.package_identification:_identify(.) by extension 'ignore'
[1.161s] Level 1:colcon.colcon_core.package_identification:_identify(.) by extension 'ignore_ament_install'
[1.161s] Level 1:colcon.colcon_core.package_identification:_identify(.) by extensions ['colcon_pkg']
[1.161s] Level 1:colcon.colcon_core.package_identification:_identify(.) by extension 'colcon_pkg'
[1.161s] Level 1:colcon.colcon_core.package_identification:_identify(.) by extensions ['colcon_meta']
[1.161s] Level 1:colcon.colcon_core.package_identification:_identify(.) by extension 'colcon_meta'
[1.162s] Level 1:colcon.colcon_core.package_identification:_identify(.) by extensions ['ros']
[1.162s] Level 1:colcon.colcon_core.package_identification:_identify(.) by extension 'ros'
[1.238s] Level 1:colcon.colcon_core.package_identification:_identify(.) by extensions ['cmake', 'python']
[1.239s] Level 1:colcon.colcon_core.package_identification:_identify(.) by extension 'cmake'
[1.239s] Level 1:colcon.colcon_core.package_identification:_identify(.) by extension 'python'
[1.239s] Level 1:colcon.colcon_core.package_identification:_identify(.) by extensions ['python_setup_py']
[1.239s] Level 1:colcon.colcon_core.package_identification:_identify(.) by extension 'python_setup_py'
[1.240s] Level 1:colcon.colcon_core.package_identification:_identify(build) by extensions ['ignore', 'ignore_ament_install']
[1.240s] Level 1:colcon.colcon_core.package_identification:_identify(build) by extension 'ignore'
[1.240s] Level 1:colcon.colcon_core.package_identification:_identify(build) ignored
[1.241s] Level 1:colcon.colcon_core.package_identification:_identify(install) by extensions ['ignore', 'ignore_ament_install']
[1.241s] Level 1:colcon.colcon_core.package_identification:_identify(install) by extension 'ignore'
[1.241s] Level 1:colcon.colcon_core.package_identification:_identify(install) ignored
[1.241s] Level 1:colcon.colcon_core.package_identification:_identify(log) by extensions ['ignore', 'ignore_ament_install']
[1.242s] Level 1:colcon.colcon_core.package_identification:_identify(log) by extension 'ignore'
[1.242s] Level 1:colcon.colcon_core.package_identification:_identify(log) ignored
[1.242s] Level 1:colcon.colcon_core.package_identification:_identify(src) by extensions ['ignore', 'ignore_ament_install']
[1.242s] Level 1:colcon.colcon_core.package_identification:_identify(src) by extension 'ignore'
[1.243s] Level 1:colcon.colcon_core.package_identification:_identify(src) by extension 'ignore_ament_install'
[1.243s] Level 1:colcon.colcon_core.package_identification:_identify(src) by extensions ['colcon_pkg']
[1.243s] Level 1:colcon.colcon_core.package_identification:_identify(src) by extension 'colcon_pkg'
[1.243s] Level 1:colcon.colcon_core.package_identification:_identify(src) by extensions ['colcon_meta']
[1.243s] Level 1:colcon.colcon_core.package_identification:_identify(src) by extension 'colcon_meta'
[1.243s] Level 1:colcon.colcon_core.package_identification:_identify(src) by extensions ['ros']
[1.243s] Level 1:colcon.colcon_core.package_identification:_identify(src) by extension 'ros'
[1.244s] Level 1:colcon.colcon_core.package_identification:_identify(src) by extensions ['cmake', 'python']
[1.244s] Level 1:colcon.colcon_core.package_identification:_identify(src) by extension 'cmake'
[1.244s] Level 1:colcon.colcon_core.package_identification:_identify(src) by extension 'python'
[1.244s] Level 1:colcon.colcon_core.package_identification:_identify(src) by extensions ['python_setup_py']
[1.244s] Level 1:colcon.colcon_core.package_identification:_identify(src) by extension 'python_setup_py'
[1.245s] Level 1:colcon.colcon_core.package_identification:_identify(src/ros_tutorials) by extensions ['ignore', 'ignore_ament_install']
[1.245s] Level 1:colcon.colcon_core.package_identification:_identify(src/ros_tutorials) by extension 'ignore'
[1.245s] Level 1:colcon.colcon_core.package_identification:_identify(src/ros_tutorials) by extension 'ignore_ament_install'
[1.245s] Level 1:colcon.colcon_core.package_identification:_identify(src/ros_tutorials) by extensions ['colcon_pkg']
[1.246s] Level 1:colcon.colcon_core.package_identification:_identify(src/ros_tutorials) by extension 'colcon_pkg'
[1.246s] Level 1:colcon.colcon_core.package_identification:_identify(src/ros_tutorials) by extensions ['colcon_meta']
[1.246s] Level 1:colcon.colcon_core.package_identification:_identify(src/ros_tutorials) by extension 'colcon_meta'
[1.246s] Level 1:colcon.colcon_core.package_identification:_identify(src/ros_tutorials) by extensions ['ros']
[1.246s] Level 1:colcon.colcon_core.package_identification:_identify(src/ros_tutorials) by extension 'ros'
[1.246s] Level 1:colcon.colcon_core.package_identification:_identify(src/ros_tutorials) by extensions ['cmake', 'python']
[1.247s] Level 1:colcon.colcon_core.package_identification:_identify(src/ros_tutorials) by extension 'cmake'
[1.247s] Level 1:colcon.colcon_core.package_identification:_identify(src/ros_tutorials) by extension 'python'
[1.247s] Level 1:colcon.colcon_core.package_identification:_identify(src/ros_tutorials) by extensions ['python_setup_py']
[1.247s] Level 1:colcon.colcon_core.package_identification:_identify(src/ros_tutorials) by extension 'python_setup_py'
[1.247s] Level 1:colcon.colcon_core.package_identification:_identify(src/ros_tutorials/ros_tutorials) by extensions ['ignore', 'ignore_ament_install']
[1.248s] Level 1:colcon.colcon_core.package_identification:_identify(src/ros_tutorials/ros_tutorials) by extension 'ignore'
[1.248s] Level 1:colcon.colcon_core.package_identification:_identify(src/ros_tutorials/ros_tutorials) ignored
[1.248s] Level 1:colcon.colcon_core.package_identification:_identify(src/ros_tutorials/roscpp_tutorials) by extensions ['ignore', 'ignore_ament_install']
[1.249s] Level 1:colcon.colcon_core.package_identification:_identify(src/ros_tutorials/roscpp_tutorials) by extension 'ignore'
[1.249s] Level 1:colcon.colcon_core.package_identification:_identify(src/ros_tutorials/roscpp_tutorials) ignored
[1.249s] Level 1:colcon.colcon_core.package_identification:_identify(src/ros_tutorials/rospy_tutorials) by extensions ['ignore', 'ignore_ament_install']
[1.249s] Level 1:colcon.colcon_core.package_identification:_identify(src/ros_tutorials/rospy_tutorials) by extension 'ignore'
[1.249s] Level 1:colcon.colcon_core.package_identification:_identify(src/ros_tutorials/rospy_tutorials) ignored
[1.250s] Level 1:colcon.colcon_core.package_identification:_identify(src/ros_tutorials/turtlesim) by extensions ['ignore', 'ignore_ament_install']
[1.250s] Level 1:colcon.colcon_core.package_identification:_identify(src/ros_tutorials/turtlesim) by extension 'ignore'
[1.250s] Level 1:colcon.colcon_core.package_identification:_identify(src/ros_tutorials/turtlesim) by extension 'ignore_ament_install'
[1.251s] Level 1:colcon.colcon_core.package_identification:_identify(src/ros_tutorials/turtlesim) by extensions ['colcon_pkg']
[1.251s] Level 1:colcon.colcon_core.package_identification:_identify(src/ros_tutorials/turtlesim) by extension 'colcon_pkg'
[1.251s] Level 1:colcon.colcon_core.package_identification:_identify(src/ros_tutorials/turtlesim) by extensions ['colcon_meta']
[1.251s] Level 1:colcon.colcon_core.package_identification:_identify(src/ros_tutorials/turtlesim) by extension 'colcon_meta'
[1.251s] Level 1:colcon.colcon_core.package_identification:_identify(src/ros_tutorials/turtlesim) by extensions ['ros']
[1.251s] Level 1:colcon.colcon_core.package_identification:_identify(src/ros_tutorials/turtlesim) by extension 'ros'
[1.262s] DEBUG:colcon.colcon_core.package_identification:Package 'src/ros_tutorials/turtlesim' with type 'ros.ament_cmake' and name 'turtlesim'
[1.262s] Level 1:colcon.colcon_core.package_discovery:discover_packages(recursive) using defaults
[1.262s] Level 1:colcon.colcon_core.package_discovery:discover_packages(ignore) discover
[1.262s] Level 1:colcon.colcon_core.package_discovery:discover_packages(ignore) using defaults
[1.262s] Level 1:colcon.colcon_core.package_discovery:discover_packages(path) discover
[1.263s] Level 1:colcon.colcon_core.package_discovery:discover_packages(path) using defaults
[1.347s] Level 5:colcon.colcon_core.verb:set package 'turtlesim' build argument 'cmake_args' from command line to 'None'
[1.347s] Level 5:colcon.colcon_core.verb:set package 'turtlesim' build argument 'cmake_target' from command line to 'None'
[1.347s] Level 5:colcon.colcon_core.verb:set package 'turtlesim' build argument 'cmake_target_skip_unavailable' from command line to 'False'
[1.347s] Level 5:colcon.colcon_core.verb:set package 'turtlesim' build argument 'cmake_clean_cache' from command line to 'False'
[1.347s] Level 5:colcon.colcon_core.verb:set package 'turtlesim' build argument 'cmake_clean_first' from command line to 'False'
[1.347s] Level 5:colcon.colcon_core.verb:set package 'turtlesim' build argument 'cmake_force_configure' from command line to 'False'
[1.348s] Level 5:colcon.colcon_core.verb:set package 'turtlesim' build argument 'ament_cmake_args' from command line to 'None'
[1.348s] Level 5:colcon.colcon_core.verb:set package 'turtlesim' build argument 'catkin_cmake_args' from command line to 'None'
[1.348s] Level 5:colcon.colcon_core.verb:set package 'turtlesim' build argument 'catkin_skip_building_tests' from command line to 'False'
[1.348s] DEBUG:colcon.colcon_core.verb:Building package 'turtlesim' with the following arguments: {'ament_cmake_args': None, 'build_base': '/root/test/build/turtlesim', 'catkin_cmake_args': None, 'catkin_skip_building_tests': False, 'cmake_args': None, 'cmake_clean_cache': False, 'cmake_clean_first': False, 'cmake_force_configure': False, 'cmake_target': None, 'cmake_target_skip_unavailable': False, 'install_base': '/root/test/install/turtlesim', 'merge_install': False, 'path': '/root/test/src/ros_tutorials/turtlesim', 'symlink_install': False, 'test_result_base': None}
[1.350s] INFO:colcon.colcon_core.executor:Executing jobs using 'parallel' executor
[1.362s] DEBUG:colcon.colcon_parallel_executor.executor.parallel:run_until_complete
[1.363s] INFO:colcon.colcon_ros.task.ament_cmake.build:Building ROS package in '/root/test/src/ros_tutorials/turtlesim' with build type 'ament_cmake'
[1.364s] INFO:colcon.colcon_cmake.task.cmake.build:Building CMake package in '/root/test/src/ros_tutorials/turtlesim'
[1.387s] INFO:colcon.colcon_core.plugin_system:Skipping extension 'colcon_core.shell.bat': Not used on non-Windows systems
[1.388s] INFO:colcon.colcon_core.shell:Skip shell extension 'powershell' for command environment: Not usable outside of PowerShell
[1.388s] DEBUG:colcon.colcon_core.shell:Skip shell extension 'dsv' for command environment
[1.395s] WARNING:colcon.colcon_core.prefix_path.colcon:The path '/root/ros2_ws/install' in the environment variable COLCON_PREFIX_PATH doesn't exist
[1.395s] WARNING:colcon.colcon_ros.prefix_path.ament:The path '/root/ros2_ws/install/launch_testing_examples' in the environment variable AMENT_PREFIX_PATH doesn't exist
[1.396s] WARNING:colcon.colcon_ros.prefix_path.ament:The path '/root/ros2_ws/install/examples_rclpy_pointcloud_publisher' in the environment variable AMENT_PREFIX_PATH doesn't exist
[1.396s] WARNING:colcon.colcon_ros.prefix_path.ament:The path '/root/ros2_ws/install/examples_rclpy_minimal_subscriber' in the environment variable AMENT_PREFIX_PATH doesn't exist
[1.396s] WARNING:colcon.colcon_ros.prefix_path.ament:The path '/root/ros2_ws/install/examples_rclpy_minimal_service' in the environment variable AMENT_PREFIX_PATH doesn't exist
[1.397s] WARNING:colcon.colcon_ros.prefix_path.ament:The path '/root/ros2_ws/install/examples_rclpy_minimal_publisher' in the environment variable AMENT_PREFIX_PATH doesn't exist
[1.397s] WARNING:colcon.colcon_ros.prefix_path.ament:The path '/root/ros2_ws/install/examples_rclpy_minimal_client' in the environment variable AMENT_PREFIX_PATH doesn't exist
[1.398s] WARNING:colcon.colcon_ros.prefix_path.ament:The path '/root/ros2_ws/install/examples_rclpy_minimal_action_server' in the environment variable AMENT_PREFIX_PATH doesn't exist
[1.398s] WARNING:colcon.colcon_ros.prefix_path.ament:The path '/root/ros2_ws/install/examples_rclpy_minimal_action_client' in the environment variable AMENT_PREFIX_PATH doesn't exist
[1.398s] WARNING:colcon.colcon_ros.prefix_path.ament:The path '/root/ros2_ws/install/examples_rclpy_guard_conditions' in the environment variable AMENT_PREFIX_PATH doesn't exist
[1.399s] WARNING:colcon.colcon_ros.prefix_path.ament:The path '/root/ros2_ws/install/examples_rclpy_executors' in the environment variable AMENT_PREFIX_PATH doesn't exist
[1.399s] WARNING:colcon.colcon_ros.prefix_path.ament:The path '/root/ros2_ws/install/examples_rclcpp_wait_set' in the environment variable AMENT_PREFIX_PATH doesn't exist
[1.400s] WARNING:colcon.colcon_ros.prefix_path.ament:The path '/root/ros2_ws/install/examples_rclcpp_multithreaded_executor' in the environment variable AMENT_PREFIX_PATH doesn't exist
[1.400s] WARNING:colcon.colcon_ros.prefix_path.ament:The path '/root/ros2_ws/install/examples_rclcpp_minimal_timer' in the environment variable AMENT_PREFIX_PATH doesn't exist
[1.400s] WARNING:colcon.colcon_ros.prefix_path.ament:The path '/root/ros2_ws/install/examples_rclcpp_minimal_subscriber' in the environment variable AMENT_PREFIX_PATH doesn't exist
[1.401s] WARNING:colcon.colcon_ros.prefix_path.ament:The path '/root/ros2_ws/install/examples_rclcpp_minimal_service' in the environment variable AMENT_PREFIX_PATH doesn't exist
[1.401s] WARNING:colcon.colcon_ros.prefix_path.ament:The path '/root/ros2_ws/install/examples_rclcpp_minimal_publisher' in the environment variable AMENT_PREFIX_PATH doesn't exist
[1.402s] WARNING:colcon.colcon_ros.prefix_path.ament:The path '/root/ros2_ws/install/examples_rclcpp_minimal_composition' in the environment variable AMENT_PREFIX_PATH doesn't exist
[1.402s] WARNING:colcon.colcon_ros.prefix_path.ament:The path '/root/ros2_ws/install/examples_rclcpp_minimal_client' in the environment variable AMENT_PREFIX_PATH doesn't exist
[1.402s] WARNING:colcon.colcon_ros.prefix_path.ament:The path '/root/ros2_ws/install/examples_rclcpp_minimal_action_server' in the environment variable AMENT_PREFIX_PATH doesn't exist
[1.402s] WARNING:colcon.colcon_ros.prefix_path.ament:The path '/root/ros2_ws/install/examples_rclcpp_minimal_action_client' in the environment variable AMENT_PREFIX_PATH doesn't exist
[1.403s] WARNING:colcon.colcon_ros.prefix_path.ament:The path '/root/ros2_ws/install/examples_rclcpp_cbg_executor' in the environment variable AMENT_PREFIX_PATH doesn't exist
[1.403s] WARNING:colcon.colcon_ros.prefix_path.ament:The path '/root/ros2_ws/install/examples_rclcpp_async_client' in the environment variable AMENT_PREFIX_PATH doesn't exist
[1.404s] WARNING:colcon.colcon_ros.prefix_path.catkin:The path '/root/ros2_ws/install/examples_rclcpp_wait_set' in the environment variable CMAKE_PREFIX_PATH doesn't exist
[1.404s] WARNING:colcon.colcon_ros.prefix_path.catkin:The path '/root/ros2_ws/install/examples_rclcpp_multithreaded_executor' in the environment variable CMAKE_PREFIX_PATH doesn't exist
[1.405s] WARNING:colcon.colcon_ros.prefix_path.catkin:The path '/root/ros2_ws/install/examples_rclcpp_minimal_timer' in the environment variable CMAKE_PREFIX_PATH doesn't exist
[1.405s] WARNING:colcon.colcon_ros.prefix_path.catkin:The path '/root/ros2_ws/install/examples_rclcpp_minimal_subscriber' in the environment variable CMAKE_PREFIX_PATH doesn't exist
[1.405s] WARNING:colcon.colcon_ros.prefix_path.catkin:The path '/root/ros2_ws/install/examples_rclcpp_minimal_service' in the environment variable CMAKE_PREFIX_PATH doesn't exist
[1.406s] WARNING:colcon.colcon_ros.prefix_path.catkin:The path '/root/ros2_ws/install/examples_rclcpp_minimal_publisher' in the environment variable CMAKE_PREFIX_PATH doesn't exist
[1.406s] WARNING:colcon.colcon_ros.prefix_path.catkin:The path '/root/ros2_ws/install/examples_rclcpp_minimal_composition' in the environment variable CMAKE_PREFIX_PATH doesn't exist
[1.406s] WARNING:colcon.colcon_ros.prefix_path.catkin:The path '/root/ros2_ws/install/examples_rclcpp_minimal_client' in the environment variable CMAKE_PREFIX_PATH doesn't exist
[1.407s] WARNING:colcon.colcon_ros.prefix_path.catkin:The path '/root/ros2_ws/install/examples_rclcpp_minimal_action_server' in the environment variable CMAKE_PREFIX_PATH doesn't exist
[1.407s] WARNING:colcon.colcon_ros.prefix_path.catkin:The path '/root/ros2_ws/install/examples_rclcpp_minimal_action_client' in the environment variable CMAKE_PREFIX_PATH doesn't exist
[1.407s] WARNING:colcon.colcon_ros.prefix_path.catkin:The path '/root/ros2_ws/install/examples_rclcpp_cbg_executor' in the environment variable CMAKE_PREFIX_PATH doesn't exist
[1.408s] WARNING:colcon.colcon_ros.prefix_path.catkin:The path '/root/ros2_ws/install/examples_rclcpp_async_client' in the environment variable CMAKE_PREFIX_PATH doesn't exist
[1.440s] DEBUG:colcon.colcon_core.event_handler.log_command:Invoking command in '/root/test/build/turtlesim': CMAKE_PREFIX_PATH=${CMAKE_PREFIX_PATH}:/root/ros2_ws/install/launch_testing_examples:/root/ros2_ws/install/examples_rclpy_pointcloud_publisher:/root/ros2_ws/install/examples_rclpy_minimal_subscriber:/root/ros2_ws/install/examples_rclpy_minimal_service:/root/ros2_ws/install/examples_rclpy_minimal_publisher:/root/ros2_ws/install/examples_rclpy_minimal_client:/root/ros2_ws/install/examples_rclpy_minimal_action_server:/root/ros2_ws/install/examples_rclpy_minimal_action_client:/root/ros2_ws/install/examples_rclpy_guard_conditions:/root/ros2_ws/install/examples_rclpy_executors:/opt/ros/humble /usr/bin/cmake /root/test/src/ros_tutorials/turtlesim -DCMAKE_INSTALL_PREFIX=/root/test/install/turtlesim
[10.299s] DEBUG:colcon.colcon_core.event_handler.log_command:Invoked command in '/root/test/build/turtlesim' returned '0': CMAKE_PREFIX_PATH=${CMAKE_PREFIX_PATH}:/root/ros2_ws/install/launch_testing_examples:/root/ros2_ws/install/examples_rclpy_pointcloud_publisher:/root/ros2_ws/install/examples_rclpy_minimal_subscriber:/root/ros2_ws/install/examples_rclpy_minimal_service:/root/ros2_ws/install/examples_rclpy_minimal_publisher:/root/ros2_ws/install/examples_rclpy_minimal_client:/root/ros2_ws/install/examples_rclpy_minimal_action_server:/root/ros2_ws/install/examples_rclpy_minimal_action_client:/root/ros2_ws/install/examples_rclpy_guard_conditions:/root/ros2_ws/install/examples_rclpy_executors:/opt/ros/humble /usr/bin/cmake /root/test/src/ros_tutorials/turtlesim -DCMAKE_INSTALL_PREFIX=/root/test/install/turtlesim
[10.306s] DEBUG:colcon.colcon_core.event_handler.log_command:Invoking command in '/root/test/build/turtlesim': CMAKE_PREFIX_PATH=${CMAKE_PREFIX_PATH}:/root/ros2_ws/install/launch_testing_examples:/root/ros2_ws/install/examples_rclpy_pointcloud_publisher:/root/ros2_ws/install/examples_rclpy_minimal_subscriber:/root/ros2_ws/install/examples_rclpy_minimal_service:/root/ros2_ws/install/examples_rclpy_minimal_publisher:/root/ros2_ws/install/examples_rclpy_minimal_client:/root/ros2_ws/install/examples_rclpy_minimal_action_server:/root/ros2_ws/install/examples_rclpy_minimal_action_client:/root/ros2_ws/install/examples_rclpy_guard_conditions:/root/ros2_ws/install/examples_rclpy_executors:/opt/ros/humble /usr/bin/cmake --build /root/test/build/turtlesim -- -j4 -l4
[146.864s] DEBUG:colcon.colcon_core.event_handler.log_command:Invoked command in '/root/test/build/turtlesim' returned '0': CMAKE_PREFIX_PATH=${CMAKE_PREFIX_PATH}:/root/ros2_ws/install/launch_testing_examples:/root/ros2_ws/install/examples_rclpy_pointcloud_publisher:/root/ros2_ws/install/examples_rclpy_minimal_subscriber:/root/ros2_ws/install/examples_rclpy_minimal_service:/root/ros2_ws/install/examples_rclpy_minimal_publisher:/root/ros2_ws/install/examples_rclpy_minimal_client:/root/ros2_ws/install/examples_rclpy_minimal_action_server:/root/ros2_ws/install/examples_rclpy_minimal_action_client:/root/ros2_ws/install/examples_rclpy_guard_conditions:/root/ros2_ws/install/examples_rclpy_executors:/opt/ros/humble /usr/bin/cmake --build /root/test/build/turtlesim -- -j4 -l4
[147.499s] DEBUG:colcon.colcon_core.event_handler.log_command:Invoking command in '/root/test/build/turtlesim': CMAKE_PREFIX_PATH=${CMAKE_PREFIX_PATH}:/root/ros2_ws/install/launch_testing_examples:/root/ros2_ws/install/examples_rclpy_pointcloud_publisher:/root/ros2_ws/install/examples_rclpy_minimal_subscriber:/root/ros2_ws/install/examples_rclpy_minimal_service:/root/ros2_ws/install/examples_rclpy_minimal_publisher:/root/ros2_ws/install/examples_rclpy_minimal_client:/root/ros2_ws/install/examples_rclpy_minimal_action_server:/root/ros2_ws/install/examples_rclpy_minimal_action_client:/root/ros2_ws/install/examples_rclpy_guard_conditions:/root/ros2_ws/install/examples_rclpy_executors:/opt/ros/humble /usr/bin/cmake --install /root/test/build/turtlesim
[148.053s] Level 1:colcon.colcon_core.environment:create_environment_scripts_only(turtlesim)
[148.056s] DEBUG:colcon.colcon_core.event_handler.log_command:Invoked command in '/root/test/build/turtlesim' returned '0': CMAKE_PREFIX_PATH=${CMAKE_PREFIX_PATH}:/root/ros2_ws/install/launch_testing_examples:/root/ros2_ws/install/examples_rclpy_pointcloud_publisher:/root/ros2_ws/install/examples_rclpy_minimal_subscriber:/root/ros2_ws/install/examples_rclpy_minimal_service:/root/ros2_ws/install/examples_rclpy_minimal_publisher:/root/ros2_ws/install/examples_rclpy_minimal_client:/root/ros2_ws/install/examples_rclpy_minimal_action_server:/root/ros2_ws/install/examples_rclpy_minimal_action_client:/root/ros2_ws/install/examples_rclpy_guard_conditions:/root/ros2_ws/install/examples_rclpy_executors:/opt/ros/humble /usr/bin/cmake --install /root/test/build/turtlesim
[148.071s] Level 1:colcon.colcon_core.environment:checking '/root/test/install/turtlesim' for CMake module files
[148.095s] Level 1:colcon.colcon_core.environment:checking '/root/test/install/turtlesim' for CMake config files
[148.097s] Level 1:colcon.colcon_core.shell:create_environment_hook('turtlesim', 'cmake_prefix_path')
[148.102s] INFO:colcon.colcon_core.shell:Creating environment hook '/root/test/install/turtlesim/share/turtlesim/hook/cmake_prefix_path.ps1'
[148.104s] INFO:colcon.colcon_core.shell:Creating environment descriptor '/root/test/install/turtlesim/share/turtlesim/hook/cmake_prefix_path.dsv'
[148.106s] INFO:colcon.colcon_core.shell:Creating environment hook '/root/test/install/turtlesim/share/turtlesim/hook/cmake_prefix_path.sh'
[148.110s] Level 1:colcon.colcon_core.environment:checking '/root/test/install/turtlesim/lib'
[148.111s] Level 1:colcon.colcon_core.shell:create_environment_hook('turtlesim', 'ld_library_path_lib')
[148.115s] INFO:colcon.colcon_core.shell:Creating environment hook '/root/test/install/turtlesim/share/turtlesim/hook/ld_library_path_lib.ps1'
[148.117s] INFO:colcon.colcon_core.shell:Creating environment descriptor '/root/test/install/turtlesim/share/turtlesim/hook/ld_library_path_lib.dsv'
[148.118s] INFO:colcon.colcon_core.shell:Creating environment hook '/root/test/install/turtlesim/share/turtlesim/hook/ld_library_path_lib.sh'
[148.119s] Level 1:colcon.colcon_core.environment:checking '/root/test/install/turtlesim/bin'
[148.120s] Level 1:colcon.colcon_core.environment:checking '/root/test/install/turtlesim/lib/pkgconfig/turtlesim.pc'
[148.123s] Level 1:colcon.colcon_core.environment:checking '/root/test/install/turtlesim/lib/python3.10/site-packages'
[148.124s] Level 1:colcon.colcon_core.environment:checking '/root/test/install/turtlesim/bin'
[148.129s] INFO:colcon.colcon_core.shell:Creating package script '/root/test/install/turtlesim/share/turtlesim/package.ps1'
[148.132s] INFO:colcon.colcon_core.shell:Creating package descriptor '/root/test/install/turtlesim/share/turtlesim/package.dsv'
[148.135s] INFO:colcon.colcon_core.shell:Creating package script '/root/test/install/turtlesim/share/turtlesim/package.sh'
[148.138s] INFO:colcon.colcon_core.shell:Creating package script '/root/test/install/turtlesim/share/turtlesim/package.bash'
[148.141s] INFO:colcon.colcon_core.shell:Creating package script '/root/test/install/turtlesim/share/turtlesim/package.zsh'
[148.143s] Level 1:colcon.colcon_core.environment:create_file_with_runtime_dependencies(/root/test/install/turtlesim/share/colcon-core/packages/turtlesim)
[148.758s] Level 1:colcon.colcon_core.environment:create_environment_scripts_only(turtlesim)
[148.765s] Level 1:colcon.colcon_core.environment:checking '/root/test/install/turtlesim' for CMake module files
[148.768s] Level 1:colcon.colcon_core.environment:checking '/root/test/install/turtlesim' for CMake config files
[148.770s] Level 1:colcon.colcon_core.shell:create_environment_hook('turtlesim', 'cmake_prefix_path')
[148.775s] INFO:colcon.colcon_core.shell:Creating environment hook '/root/test/install/turtlesim/share/turtlesim/hook/cmake_prefix_path.ps1'
[148.776s] INFO:colcon.colcon_core.shell:Creating environment descriptor '/root/test/install/turtlesim/share/turtlesim/hook/cmake_prefix_path.dsv'
[148.778s] INFO:colcon.colcon_core.shell:Creating environment hook '/root/test/install/turtlesim/share/turtlesim/hook/cmake_prefix_path.sh'
[148.780s] Level 1:colcon.colcon_core.environment:checking '/root/test/install/turtlesim/lib'
[148.781s] Level 1:colcon.colcon_core.shell:create_environment_hook('turtlesim', 'ld_library_path_lib')
[148.785s] INFO:colcon.colcon_core.shell:Creating environment hook '/root/test/install/turtlesim/share/turtlesim/hook/ld_library_path_lib.ps1'
[148.787s] INFO:colcon.colcon_core.shell:Creating environment descriptor '/root/test/install/turtlesim/share/turtlesim/hook/ld_library_path_lib.dsv'
[148.788s] INFO:colcon.colcon_core.shell:Creating environment hook '/root/test/install/turtlesim/share/turtlesim/hook/ld_library_path_lib.sh'
[148.790s] Level 1:colcon.colcon_core.environment:checking '/root/test/install/turtlesim/bin'
[148.790s] Level 1:colcon.colcon_core.environment:checking '/root/test/install/turtlesim/lib/pkgconfig/turtlesim.pc'
[148.791s] Level 1:colcon.colcon_core.environment:checking '/root/test/install/turtlesim/lib/python3.10/site-packages'
[148.792s] Level 1:colcon.colcon_core.environment:checking '/root/test/install/turtlesim/bin'
[148.797s] INFO:colcon.colcon_core.shell:Creating package script '/root/test/install/turtlesim/share/turtlesim/package.ps1'
[148.800s] INFO:colcon.colcon_core.shell:Creating package descriptor '/root/test/install/turtlesim/share/turtlesim/package.dsv'
[148.802s] INFO:colcon.colcon_core.shell:Creating package script '/root/test/install/turtlesim/share/turtlesim/package.sh'
[148.804s] INFO:colcon.colcon_core.shell:Creating package script '/root/test/install/turtlesim/share/turtlesim/package.bash'
[148.805s] INFO:colcon.colcon_core.shell:Creating package script '/root/test/install/turtlesim/share/turtlesim/package.zsh'
[148.807s] Level 1:colcon.colcon_core.environment:create_file_with_runtime_dependencies(/root/test/install/turtlesim/share/colcon-core/packages/turtlesim)
[148.808s] DEBUG:colcon.colcon_parallel_executor.executor.parallel:closing loop
[148.809s] DEBUG:colcon.colcon_parallel_executor.executor.parallel:loop closed
[148.810s] DEBUG:colcon.colcon_parallel_executor.executor.parallel:run_until_complete finished with '0'
[148.810s] DEBUG:colcon.colcon_core.event_reactor:joining thread
[148.837s] INFO:colcon.colcon_core.plugin_system:Skipping extension 'colcon_notification.desktop_notification.notify_send': Could not find 'notify-send'
[148.838s] INFO:colcon.colcon_core.plugin_system:Skipping extension 'colcon_notification.desktop_notification.terminal_notifier': Not used on non-Darwin systems
[148.838s] INFO:colcon.colcon_core.plugin_system:Skipping extension 'colcon_notification.desktop_notification.win32': Not used on non-Windows systems
[148.838s] INFO:colcon.colcon_notification.desktop_notification:Sending desktop notification using 'notify2'
[148.839s] DEBUG:colcon.colcon_notification.desktop_notification.notify2:Failed to initialize notify2: org.freedesktop.DBus.Error.NotSupported: Unable to autolaunch a dbus-daemon without a $DISPLAY for X11
[148.839s] DEBUG:colcon.colcon_core.event_reactor:joined thread
[148.845s] INFO:colcon.colcon_core.shell:Creating prefix script '/root/test/install/local_setup.ps1'
[148.850s] INFO:colcon.colcon_core.shell:Creating prefix util module '/root/test/install/_local_setup_util_ps1.py'
[148.856s] INFO:colcon.colcon_core.shell:Creating prefix chain script '/root/test/install/setup.ps1'
[148.861s] INFO:colcon.colcon_core.shell:Creating prefix script '/root/test/install/local_setup.sh'
[148.863s] INFO:colcon.colcon_core.shell:Creating prefix util module '/root/test/install/_local_setup_util_sh.py'
[148.866s] INFO:colcon.colcon_core.shell:Creating prefix chain script '/root/test/install/setup.sh'
[148.871s] INFO:colcon.colcon_core.shell:Creating prefix script '/root/test/install/local_setup.bash'
[148.873s] INFO:colcon.colcon_core.shell:Creating prefix chain script '/root/test/install/setup.bash'
[148.878s] INFO:colcon.colcon_core.shell:Creating prefix script '/root/test/install/local_setup.zsh'
[148.880s] INFO:colcon.colcon_core.shell:Creating prefix chain script '/root/test/install/setup.zsh'
