/usr/lib/python3/dist-packages/transforms3d/quaternions.py:518: RuntimeWarning: invalid value encountered in divide
  vector = vector / math.sqrt(np.dot(vector, vector))
/usr/lib/python3/dist-packages/scipy/signal/_signaltools.py:1563: UserWarning: kernel_size exceeds volume extent: the volume will be zero-padded.
  warnings.warn('kernel_size exceeds volume extent: the volume will be '
Position
heading: -0.0
[DEBUG] stereo depth: None
no flag u: [1.0, -1.0, 5.0, -1.0, 4.75]
heading: -0.0139572196756632
[DEBUG] stereo depth: None
no flag u: [1.0, -1.0, 4.850000003352761, -1.0, 4.600000003352761]
heading: -0.011957382353387986
[DEBUG] stereo depth: 10000000.0
no flag u: [1.0, -1.0, 4.850000003352761, -1.0, 4.600000003352761]
heading: -0.00993544431534925
[DEBUG] stereo depth: 10000000.0
no flag u: [1.0, -1.0, 4.800000004470348, -1.0, 4.550000004470348]
heading: -0.009915793770349875
[DEBUG] stereo depth: 10000000.0
no flag u: [1.0, -0.8580093875153403, 4.74999999627471, -1.0, 4.49999999627471]
heading: -0.00796003125826245
[DEBUG] stereo depth: 10000000.0
no flag u: [1.0, -0.9610199962506629, 4.850000003352761, -1.0, 4.600000003352761]
heading: -0.00794996009593101
[DEBUG] stereo depth: 10000000.0
no flag u: [1.0, -1.0, 4.850000003352761, -1.0, 4.600000003352761]
heading: -0.007919652642041308
[DEBUG] stereo depth: 10000000.0
no flag u: [1.0, -1.0, 4.850000003352761, -1.0, 4.600000003352761]
heading: -0.013885288897663755
[DEBUG] stereo depth: 10000000.0
no flag u: [1.0, -1.0, 4.7000000067055225, -1.0, 4.4500000067055225]
heading: -0.021900344558305713
[DEBUG] stereo depth: 10000000.0
no flag u: [1.0, -0.670781183591779, 4.850000003352761, -1.0, 4.600000003352761]
heading: -0.025941708479383863
[DEBUG] stereo depth: 10000000.0
no flag u: [1.0, -0.4773208293381541, 4.74999999627471, -1.0, 4.49999999627471]
heading: -0.025948561298376714
[DEBUG] stereo depth: 10000000.0
no flag u: [1.0, -0.04778706428642465, 4.850000003352761, -1.0, 4.600000003352761]
heading: -0.01803966583720246
[DEBUG] stereo depth: 10000000.0
no flag u: [1.0, -0.056640492608166726, 4.74999999627471, -0.7817892713225296, 4.49999999627471]
heading: -0.018078788721771325
[DEBUG] stereo depth: 10000000.0
no flag u: [1.0, 0.21995515587432246, 4.900000002235174, -1.0, 4.650000002235174]
heading: -0.01810774819663332
[DEBUG] stereo depth: 10000000.0
no flag u: [1.0, 0.27691474935291516, 4.74999999627471, -1.0, 4.49999999627471]
heading: -0.020433497109781745
[DEBUG] stereo depth: 10000000.0
no flag u: [1.0, 0.5291316567137563, 4.850000003352761, -0.913413177730326, 4.600000003352761]
heading: -0.01087963197935979
[DEBUG] stereo depth: 10000000.0
no flag u: [1.0, 0.007557529908406746, 4.850000003352761, -0.30468514833773086, 4.600000003352761]
heading: 0.001232395026907667
[DEBUG] stereo depth: 10000000.0
no flag u: [1.0, -1.0, 4.850000003352761, -0.37016822390701476, 4.600000003352761]
heading: -0.0005723175825249185
[DEBUG] stereo depth: 10000000.0
no flag u: [1.0, -1.0, 4.800000004470348, -1.0, 4.550000004470348]
heading: -0.010546506407313229
[DEBUG] stereo depth: 10000000.0
no flag u: [1.0, -1.0, 4.800000004470348, -1.0, 4.550000004470348]
heading: -0.028837964762280302
[DEBUG] stereo depth: 10000000.0
no flag u: [1.0, -0.037901213527738786, 4.800000004470348, -1.0, 4.550000004470348]
heading: -0.02889868778449091
[DEBUG] stereo depth: 10000000.0
no flag u: [1.0, -1.0, 4.7000000067055225, -1.0, 4.4500000067055225]
heading: -0.02703769271151763
[DEBUG] stereo depth: 10000000.0
no flag u: [1.0, -0.1035292048566332, 4.800000004470348, -1.0, 4.550000004470348]
heading: -0.027131451844293962
[DEBUG] stereo depth: 10000000.0
no flag u: [1.0, 0.2088073847572598, 4.900000002235174, -1.0, 4.650000002235174]
heading: -0.04465305367152693
[DEBUG] stereo depth: 10000000.0
no flag u: [1.0, -0.7544095641438437, 4.800000004470348, -1.0, 4.550000004470348]
heading: -0.05792414737633737
[DEBUG] stereo depth: 10000000.0
no flag u: [1.0, -1.0, 4.850000003352761, -1.0, 4.600000003352761]
heading: -0.05977223937644175
[DEBUG] stereo depth: 10000000.0
no flag u: [1.0, -1.0, 4.900000002235174, -1.0, 4.650000002235174]
heading: -0.06360689382025793
[DEBUG] stereo depth: 10000000.0
no flag u: [1.0, -1.0, 4.74999999627471, -1.0, 4.49999999627471]
heading: -0.06355805305255428
[DEBUG] stereo depth: 10000000.0
no flag u: [1.0, -1.0, 4.74999999627471, -1.0, 4.49999999627471]
heading: -0.06587891859604905
[DEBUG] stereo depth: 10000000.0
no flag u: [1.0, -1.0, 4.900000002235174, -1.0, 4.650000002235174]
heading: -0.064228820079829
[DEBUG] stereo depth: 10000000.0
no flag u: [1.0, -1.0, 4.74999999627471, -1.0, 4.49999999627471]
heading: -0.060273812922785906
[DEBUG] stereo depth: 10000000.0
no flag u: [1.0, -1.0, 4.74999999627471, -0.9133966456391409, 4.49999999627471]
heading: -0.05634107040286521
[DEBUG] stereo depth: 10000000.0
no flag u: [1.0, -0.9129024177386591, 4.850000003352761, -0.8102727737830502, 4.600000003352761]
heading: -0.04861556370801436
[DEBUG] stereo depth: 10000000.0
no flag u: [1.0, 0.11236059898525119, 4.900000002235174, -0.5883569804948836, 4.650000002235174]
heading: -0.04050468253990221
[DEBUG] stereo depth: 10000000.0
no flag u: [1.0, -0.4617237896375206, 4.800000004470348, -0.5141240270880454, 4.550000004470348]
heading: -0.03838348016841327
[DEBUG] stereo depth: 10000000.0
no flag u: [1.0, -0.8992101093565499, 4.900000002235174, -0.6067722270833635, 4.650000002235174]
heading: -0.03605650925825697
[DEBUG] stereo depth: 10000000.0
no flag u: [1.0, -1.0, 4.900000002235174, -1.0, 4.650000002235174]
heading: -0.039909990450516984
[DEBUG] stereo depth: 10000000.0
no flag u: [1.0, -1.0, 4.850000003352761, -1.0, 4.600000003352761]
heading: -0.04779678383292137
[DEBUG] stereo depth: 10000000.0
no flag u: [1.0, -0.3154559893019897, 4.850000003352761, -1.0, 4.600000003352761]
heading: -0.04779678383292137
[DEBUG] stereo depth: 10000000.0
no flag u: [1.0, -0.3154559893019897, 4.900000002235174, -1.0, 4.650000002235174]
heading: -0.04587597241635515
[DEBUG] stereo depth: 10000000.0
no flag u: [1.0, -1.0, 4.900000002235174, -0.9149014713921999, 4.650000002235174]
heading: -0.0361823545317477
[DEBUG] stereo depth: 10000000.0
no flag u: [1.0, -1.0, 4.850000003352761, -0.6369027208786078, 4.600000003352761]
heading: -0.026708253844689393
[DEBUG] stereo depth: 10000000.0
no flag u: [1.0, -1.0, 4.900000002235174, -0.5905768006441456, 4.650000002235174]
heading: -0.02297874524242741
[DEBUG] stereo depth: 10000000.0
no flag u: [1.0, -0.12388303058414318, 4.900000002235174, -0.4080480065309269, 4.650000002235174]
heading: -0.01734526400642386
[DEBUG] stereo depth: 10000000.0
no flag u: [1.0, -0.5803733202096093, 4.900000002235174, -0.22128209731218917, 4.650000002235174]
heading: 0.0003166334656731413
[DEBUG] stereo depth: 10000000.0
no flag u: [1.0, -0.0217757228670441, 4.74999999627471, -0.16060475542646713, 4.49999999627471]
heading: 0.006549141115693478
[DEBUG] stereo depth: 10000000.0
no flag u: [1.0, -0.7680150421000049, 4.850000003352761, -0.8063492134251995, 4.600000003352761]
heading: 0.00874711318209068
[DEBUG] stereo depth: 10000000.0
no flag u: [1.0, -1.0, 4.850000003352761, -0.94199756161137, 4.600000003352761]
heading: 0.009104637464644358
[DEBUG] stereo depth: 10000000.0
no flag u: [1.0, -1.0, 4.7000000067055225, -0.9184799997387885, 4.4500000067055225]
heading: 0.0015348078693991553
[DEBUG] stereo depth: 10000000.0
no flag u: [1.0, -1.0, 4.900000002235174, -1.0, 4.650000002235174]
heading: -0.004332749504574194
[DEBUG] stereo depth: 10000000.0
no flag u: [1.0, -1.0, 4.850000003352761, -1.0, 4.600000003352761]
heading: -0.010046598754894666
[DEBUG] stereo depth: 10000000.0
no flag u: [1.0, -1.0, 4.850000003352761, -1.0, 4.600000003352761]
heading: -0.013741563348024224
[DEBUG] stereo depth: 10000000.0
no flag u: [1.0, -1.0, 4.7000000067055225, -1.0, 4.4500000067055225]
heading: -0.013595749945293044
[DEBUG] stereo depth: 10000000.0
no flag u: [1.0, -1.0, 4.900000002235174, -1.0, 4.650000002235174]
heading: -0.011511727070784763
[DEBUG] stereo depth: 10000000.0
no flag u: [1.0, -0.8718575371190425, 4.800000004470348, -0.9978338525070145, 4.550000004470348]
heading: -0.011809817474279146
[DEBUG] stereo depth: 10000000.0
no flag u: [1.0, -0.9784339508240045, 4.900000002235174, -1.0, 4.650000002235174]
heading: -0.009951113532672978
[DEBUG] stereo depth: 10000000.0
no flag u: [1.0, -1.0, 4.74999999627471, -1.0, 4.49999999627471]
heading: -0.008301476913613088
[DEBUG] stereo depth: 10000000.0
no flag u: [1.0, -1.0, 4.800000004470348, -0.9805402502902194, 4.550000004470348]
heading: -0.002559474936313991
[DEBUG] stereo depth: 10000000.0
no flag u: [1.0, -0.7288746478310282, 4.800000004470348, -0.9724366987647073, 4.550000004470348]
heading: -0.0005718198231211913
[DEBUG] stereo depth: 10000000.0
no flag u: [1.0, -0.31445897326774075, 4.900000002235174, -0.8172175449337635, 4.650000002235174]
heading: 0.0036856394148699363
[DEBUG] stereo depth: 10000000.0
no flag u: [1.0, -0.7129570865961703, 4.800000004470348, -0.9325109437669812, 4.550000004470348]
heading: 0.0060961936216600105
[DEBUG] stereo depth: 10000000.0
no flag u: [1.0, -1.0, 4.850000003352761, -0.9654799800885856, 4.600000003352761]
heading: 0.004273884228238546
[DEBUG] stereo depth: 5000000.0
no flag u: [1.0, -1.0, 4.850000003352761, -1.0, 4.600000003352761]
heading: 0.0002498500828806047
[DEBUG] stereo depth: 5000000.0
no flag u: [1.0, -0.7262160348683373, 4.850000003352761, -1.0, 4.600000003352761]
heading: 0.0002598308438150572
[DEBUG] stereo depth: 5000000.0
no flag u: [1.0, -0.9325429064737827, 4.800000004470348, -1.0, 4.550000004470348]
heading: -0.0018183797336174623
[DEBUG] stereo depth: 5000000.0
no flag u: [1.0, -0.5666869381162274, 4.800000004470348, -1.0, 4.550000004470348]
heading: 0.004142922067347019
[DEBUG] stereo depth: 5000000.0
no flag u: [1.0, -0.2102384809981095, 4.900000002235174, -0.48262856910884544, 4.650000002235174]
heading: 0.01598874618032108
[DEBUG] stereo depth: 5000000.0
no flag u: [1.0, -0.4880855255912828, 4.850000003352761, -0.05682050909407477, 4.600000003352761]
heading: 0.01990005929364478
[DEBUG] stereo depth: 5000000.0
no flag u: [1.0, -0.2373923118033796, 4.800000004470348, 0.17491736870731023, 4.550000004470348]
heading: 0.047371590620973854
[DEBUG] stereo depth: 5000000.0
no flag u: [1.0, -0.8272729400544252, 4.850000003352761, 0.364387488966486, 4.600000003352761]
heading: 0.05351328287843369
[DEBUG] stereo depth: 5000000.0
no flag u: [1.0, -1.0, 4.850000003352761, -0.48212678150569865, 4.600000003352761]
heading: 0.0558969734281571
[DEBUG] stereo depth: 5000000.0
no flag u: [1.0, -1.0, 4.850000003352761, -1.0, 4.600000003352761]
heading: 0.05604458482667561
[DEBUG] stereo depth: 5000000.0
no flag u: [1.0, -1.0, 4.800000004470348, -1.0, 4.550000004470348]
heading: 0.05059914492840238
[DEBUG] stereo depth: 5000000.0
no flag u: [1.0, -1.0, 4.74999999627471, -1.0, 4.49999999627471]
heading: 0.046785948830099865
[DEBUG] stereo depth: 5000000.0
no flag u: [1.0, -0.46895694731112236, 4.850000003352761, -1.0, 4.600000003352761]
heading: 0.04706783936451749
[DEBUG] stereo depth: 5000000.0
no flag u: [1.0, -0.9766308905165957, 4.800000004470348, -1.0, 4.550000004470348]
heading: 0.05171218561258803
[DEBUG] stereo depth: 5000000.0
no flag u: [1.0, -1.0, 4.900000002235174, -1.0, 4.650000002235174]
heading: 0.05499204763776105
[DEBUG] stereo depth: 5000000.0
no flag u: [1.0, 0.04078592017472249, 4.850000003352761, -1.0, 4.600000003352761]
heading: 0.05241347229923461
[DEBUG] stereo depth: 5000000.0
no flag u: [1.0, -1.0, 4.950000001117587, -1.0, 4.700000001117587]
heading: 0.04731905767624637
[DEBUG] stereo depth: 5000000.0
no flag u: [1.0, -1.0, 4.900000002235174, -1.0, 4.650000002235174]
heading: 0.048436049393475414
[DEBUG] stereo depth: 5000000.0
no flag u: [1.0, -1.0, 4.800000004470348, -1.0, 4.550000004470348]
heading: 0.04768965909095304
[DEBUG] stereo depth: 5000000.0
no flag u: [1.0, -1.0, 4.74999999627471, -1.0, 4.49999999627471]
heading: 0.05070622130885129
[DEBUG] stereo depth: 5000000.0
no flag u: [1.0, -1.0, 4.900000002235174, -0.706516461151522, 4.650000002235174]
heading: 0.056377312225363164
[DEBUG] stereo depth: 3333333.25
no flag u: [1.0, -1.0, 4.850000003352761, -0.8115875916347988, 4.600000003352761]
heading: 0.05836592887451032
[DEBUG] stereo depth: 3333333.25
no flag u: [1.0, -1.0, 4.74999999627471, -0.8002065798297942, 4.49999999627471]
heading: 0.060367652663361644
[DEBUG] stereo depth: 3333333.25
no flag u: [1.0, -1.0, 4.74999999627471, -0.7995295290013462, 4.49999999627471]
heading: 0.07230626683134678
[DEBUG] stereo depth: 3333333.25
no flag u: [1.0, -1.0, 4.800000004470348, -0.557079938314921, 4.550000004470348]
heading: 0.07667702515925927
[DEBUG] stereo depth: 2500002.25
no flag u: [1.0, -1.0, 4.850000003352761, -0.8879363947470102, 4.600000003352761]
heading: 0.07713074256791824
[DEBUG] stereo depth: 2500002.25
no flag u: [1.0, -1.0, 4.850000003352761, -1.0, 4.600000003352761]
heading: 0.07184503409114262
[DEBUG] stereo depth: 2500002.25
no flag u: [1.0, -0.9679852803272813, 4.900000002235174, -1.0, 4.650000002235174]
heading: 0.056260504375783775
[DEBUG] stereo depth: 2500002.25
no flag u: [1.0, -1.0, 4.900000002235174, -1.0, 4.650000002235174]
heading: 0.037122946220166195
[DEBUG] stereo depth: 2500002.25
no flag u: [1.0, -1.0, 4.900000002235174, -1.0, 4.650000002235174]
heading: 0.025187706924906288
[DEBUG] stereo depth: 2000004.0
no flag u: [1.0, -1.0, 4.800000004470348, -1.0, 4.550000004470348]
heading: 0.021403776877677316
[DEBUG] stereo depth: 2000004.0
no flag u: [1.0, -0.9885232048434689, 4.900000002235174, -1.0, 4.650000002235174]
heading: 0.014391058973091732
[DEBUG] stereo depth: 2000004.0
no flag u: [1.0, 1.0, 4.74999999627471, -1.0, 4.49999999627471]
heading: 0.025788060403297675
[DEBUG] stereo depth: 2000004.0
no flag u: [1.0, 0.4698849697045431, 4.800000004470348, 0.15458641448656385, 4.550000004470348]
heading: 0.05114553311108269
[DEBUG] stereo depth: 2000004.0
no flag u: [1.0, 0.20325012312850288, 4.850000003352761, 0.3301762382739768, 4.600000003352761]
heading: 0.05689255698086426
[DEBUG] stereo depth: 2000004.0
no flag u: [1.0, -0.8673618397534317, 4.850000003352761, 0.19887431828203683, 4.600000003352761]
heading: 0.08835535990612352
[DEBUG] stereo depth: 1666670.875
no flag u: [1.0, 0.3335485107161287, 4.74999999627471, -0.6550924358939354, 4.49999999627471]
heading: 0.10633293062675747
[DEBUG] stereo depth: 1666670.875
no flag u: [1.0, 0.6191734986061761, 4.900000002235174, -0.39139899863983385, 4.650000002235174]
heading: 0.13748114727303848
[DEBUG] stereo depth: 1666670.875
no flag u: [1.0, 1.0, 4.850000003352761, -0.26533009941084995, 4.600000003352761]
heading: 0.14893856752891244
[DEBUG] stereo depth: 1666670.875
no flag u: [1.0, 1.0, 4.74999999627471, -0.6197069279951238, 4.49999999627471]
heading: 0.19586292175893819
[DEBUG] stereo depth: 1666670.875
no flag u: [1.0, 1.0, 4.950000001117587, -1.0, 4.700000001117587]
heading: 0.19059997731641345
[DEBUG] stereo depth: 1428575.0
no flag u: [1.0, -0.886331716415776, 4.850000003352761, -1.0, 4.600000003352761]
heading: 0.17126979610734103
[DEBUG] stereo depth: 1428575.0
no flag u: [1.0, 0.992880499246815, 4.74999999627471, -1.0, 4.49999999627471]
heading: 0.17144979177516578
[DEBUG] stereo depth: 1428575.0
no flag u: [1.0, 1.0, 4.450000002980232, -1.0, 4.200000002980232]
heading: 0.1680430035480521
[DEBUG] stereo depth: 1428575.0
no flag u: [1.0, -1.0, 3.6499999463558197, 0.04476479839491376, 3.3999999463558197]
heading: 0.18464240908490306
[DEBUG] stereo depth: 1428575.0
no flag u: [1.0, -1.0, 3.2999999821186066, 0.5983562024720634, 3.0499999821186066]
heading: 0.19854411377131434
[DEBUG] stereo depth: 1250003.125
no flag u: [1.0, -1.0, 3.1999999284744263, 1.0, 2.9499999284744263]
heading: 0.2197332052972932
[DEBUG] stereo depth: 1250003.125
no flag u: [1.0, -0.5107401449470652, 2.9500000178813934, 1.0, 2.7000000178813934]
heading: 0.2873913741019606
[DEBUG] stereo depth: 1250003.125
no flag u: [1.0, -0.7302637034512438, 2.7500000596046448, 1.0, 2.5000000596046448]
heading: 0.34041274878075806
[DEBUG] stereo depth: 1250003.125
no flag u: [1.0, -0.2774047042645671, 2.6500000059604645, 1.0, 2.4000000059604645]
heading: 0.37891654534888947
[DEBUG] stereo depth: 1250003.125
no flag u: [1.0, 0.677819807293357, 2.6000000536441803, 1.0, 2.3500000536441803]
heading: 0.4535641465170755
[DEBUG] stereo depth: 1250003.125
no flag u: [1.0, 1.0, 2.450000047683716, 1.0, 2.200000047683716]
heading: 0.5476459469035976
[DEBUG] stereo depth: 1250003.125
no flag u: [1.0, 1.0, 2.450000047683716, 1.0, 2.200000047683716]
heading: 0.6414704120407358
[DEBUG] stereo depth: 1250003.125
no flag u: [1.0, 1.0, 2.2999998927116394, 1.0, 2.0499998927116394]
heading: 0.7149395610447764
[DEBUG] stereo depth: 1111114.375
no flag u: [1.0, 1.0, 2.2499999403953552, 1.0, 1.9999999403953552]
heading: 0.7375327089408884
[DEBUG] stereo depth: 1111114.375
no flag u: [1.0, 1.0, 2.2499999403953552, 1.0, 1.9999999403953552]
heading: 0.8036053118764185
[DEBUG] stereo depth: 1111114.375
no flag u: [1.0, 1.0, 2.199999988079071, 1.0, 1.949999988079071]
heading: 0.8898566039182381
[DEBUG] stereo depth: 1111114.375
no flag u: [1.0, -0.49872816244644325, 2.0500001311302185, 1.0, 1.8000001311302185]
heading: 0.9341106204391515
[DEBUG] stereo depth: 1111114.375
no flag u: [1.0, -1.0, 2.0500001311302185, 1.0, 1.8000001311302185]
heading: 0.9600609722665682
[DEBUG] stereo depth: 1111114.375
no flag u: [1.0, -1.0, 2.0500001311302185, 1.0, 1.8000001311302185]
heading: 1.0034694170463436
[DEBUG] stereo depth: 1000003.1875
no flag u: [1.0, -1.0, 1.899999976158142, 1.0, 1.649999976158142]
heading: 1.0511525518928622
[DEBUG] stereo depth: 1000003.1875
no flag u: [1.0, -1.0, 1.899999976158142, 1.0, 1.649999976158142]
heading: 1.080238738354609
[DEBUG] stereo depth: 1000003.1875
no flag u: [1.0, -1.0, 1.899999976158142, 1.0, 1.649999976158142]
heading: 1.0857949385506158
[DEBUG] stereo depth: 1000003.1875
no flag u: [1.0, -1.0, 1.899999976158142, 1.0, 1.649999976158142]
heading: 1.115554808595821
[DEBUG] stereo depth: 1000003.1875
no flag u: [1.0, -1.0, 1.899999976158142, 1.0, 1.649999976158142]
heading: 1.1177679219227343
[DEBUG] stereo depth: 1000003.1875
no flag u: [1.0, -1.0, 1.7500001192092896, 1.0, 1.5000001192092896]
heading: 1.1107467705180967
[DEBUG] stereo depth: 1000003.1875
no flag u: [1.0, -1.0, 1.9499999284744263, 1.0, 1.6999999284744263]
heading: 1.0979374479961381
[DEBUG] stereo depth: 3.3873844146728516
no flag u: [1.0, -1.0, 1.899999976158142, 1.0, 1.649999976158142]
heading: 1.0706129383124114
[DEBUG] stereo depth: 3.3873844146728516
no flag u: [1.0, -1.0, 1.850000023841858, 1.0, 1.600000023841858]
heading: 1.042382818538171
[DEBUG] stereo depth: 3.3873844146728516
no flag u: [1.0, 0.4269701604349173, 1.899999976158142, 1.0, 1.649999976158142]
heading: 1.0288027454207243
[DEBUG] stereo depth: 3.3873844146728516
no flag u: [1.0, 1.0, 1.8000000715255737, 1.0, 1.5500000715255737]
heading: 1.0203678332371755
[DEBUG] stereo depth: 3.3873844146728516
no flag u: [1.0, 1.0, 1.899999976158142, 1.0, 1.649999976158142]
heading: 1.0150583619870333
[DEBUG] stereo depth: 3.3873844146728516
no flag u: [1.0, 1.0, 1.899999976158142, 1.0, 1.649999976158142]
heading: 1.0119526694937582
[DEBUG] stereo depth: 3.3873844146728516
no flag u: [1.0, 1.0, 1.899999976158142, 1.0, 1.649999976158142]
heading: 1.0121331873701838
[DEBUG] stereo depth: 3.3873844146728516
no flag u: [1.0, 1.0, 1.899999976158142, 1.0, 1.649999976158142]
heading: 1.0228174684554736
[DEBUG] stereo depth: 3.609168291091919
no flag u: [1.0, 1.0, 1.899999976158142, 1.0, 1.649999976158142]
heading: 1.0296266021322718
[DEBUG] stereo depth: 3.609168291091919
no flag u: [1.0, 1.0, 1.8000000715255737, 1.0, 1.5500000715255737]
heading: 1.0847196296160746
[DEBUG] stereo depth: 3.609168291091919
no flag u: [1.0, 1.0, 1.9499999284744263, 1.0, 1.6999999284744263]
heading: 1.1164693102919427
[DEBUG] stereo depth: 3.609168291091919
no flag u: [1.0, 1.0, 1.899999976158142, 1.0, 1.649999976158142]
heading: 1.1636928919848222
[DEBUG] stereo depth: 3.609168291091919
no flag u: [1.0, 1.0, 1.899999976158142, 1.0, 1.649999976158142]
heading: 1.196863357422424
[DEBUG] stereo depth: 3.609168291091919
no flag u: [1.0, 1.0, 1.850000023841858, 1.0, 1.600000023841858]
heading: 1.2465089481807934
[DEBUG] stereo depth: 3.609168291091919
no flag u: [1.0, 1.0, 1.850000023841858, 1.0, 1.600000023841858]
heading: 1.287358470883101
[DEBUG] stereo depth: 3.609168291091919
no flag u: [1.0, 1.0, 1.6999998688697815, 1.0, 1.4499998688697815]
heading: 1.3095493089536823
[DEBUG] stereo depth: 3.856720447540283
no flag u: [1.0, 1.0, 1.850000023841858, 1.0, 1.600000023841858]
heading: 1.32951167644346
[DEBUG] stereo depth: 3.856720447540283
no flag u: [1.0, 1.0, 1.8000000715255737, 1.0, 1.5500000715255737]
heading: 1.3916810139977582
[DEBUG] stereo depth: 3.856720447540283
no flag u: [1.0, 0.4094926920299692, 1.850000023841858, 1.0, 1.600000023841858]
heading: 1.4277375715341005
[DEBUG] stereo depth: 3.856720447540283
no flag u: [1.0, -0.7147225686720138, 1.899999976158142, 1.0, 1.649999976158142]
heading: 1.440803619460898
[DEBUG] stereo depth: 3.856720447540283
no flag u: [1.0, -1.0, 1.899999976158142, 1.0, 1.649999976158142]
heading: 1.4586997296930688
[DEBUG] stereo depth: 3.856720447540283
no flag u: [1.0, -1.0, 1.8000000715255737, 1.0, 1.5500000715255737]
heading: 1.4975775321910831
[DEBUG] stereo depth: 3.856720447540283
no flag u: [1.0, -0.27100470884079075, 1.7500001192092896, 1.0, 1.5000001192092896]
heading: 1.5187885529388663
[DEBUG] stereo depth: 3.856720447540283
no flag u: [1.0, 0.035074049369058335, 1.850000023841858, 1.0, 1.600000023841858]
heading: 1.5357261850636088
[DEBUG] stereo depth: 3.2522735595703125
no flag u: [1.0, 0.14768605150432595, 1.7500001192092896, 1.0, 1.5000001192092896]
heading: 1.5475356717566984
[DEBUG] stereo depth: 3.2522735595703125
no flag u: [1.0, 0.7394309374072472, 1.7500001192092896, 1.0, 1.5000001192092896]
heading: 1.5735910892777614
[DEBUG] stereo depth: 3.2522735595703125
no flag u: [1.0, 0.9125823626246365, 1.8000000715255737, 0.9180280214284449, 1.5500000715255737]
heading: 1.5806752919074025
[DEBUG] stereo depth: 3.2522735595703125
no flag u: [1.0, -0.4019058809118561, 1.899999976158142, -0.1756882211441999, 1.649999976158142]
heading: 1.5742712141363158
[DEBUG] stereo depth: 3.2522735595703125
no flag u: [1.0, -0.7956053424661991, 1.899999976158142, -0.546105052195381, 1.649999976158142]
heading: 1.571540750571729
[DEBUG] stereo depth: 2.4869558811187744
no flag u: [1.0, 0.44683069477106985, 1.9499999284744263, -0.8787620857023557, 1.6999999284744263]
[DEBUG] turn right
heading: 1.575046537739342
[DEBUG] stereo depth: 2.4869558811187744
heading: 1.5750848281863774
[DEBUG] stereo depth: 2.4869558811187744
heading: 1.567871475853378
[DEBUG] stereo depth: 2.4869558811187744
heading: 1.5686018533439514
[DEBUG] stereo depth: 2.4869558811187744
heading: 1.5771443427740217
[DEBUG] stereo depth: 2.4869558811187744
heading: 1.5871333332892152
[DEBUG] stereo depth: 2.4869558811187744
heading: 1.5844289476616507
[DEBUG] stereo depth: 2.428985595703125
heading: 1.5830407205103258
[DEBUG] stereo depth: 2.428985595703125
heading: 1.5829773844665411
[DEBUG] stereo depth: 2.428985595703125
heading: 1.6202041508819556
[DEBUG] stereo depth: 2.428985595703125
heading: 1.6217763157580491
[DEBUG] stereo depth: 2.428985595703125
heading: 1.6351225028170597
[DEBUG] stereo depth: 2.428985595703125
heading: 1.6609126120362985
[DEBUG] stereo depth: 2.656525135040283
heading: 1.6884686155744126
[DEBUG] stereo depth: 2.656525135040283
heading: 1.7319094720696586
[DEBUG] stereo depth: 2.656525135040283
heading: 1.7580474251770364
[DEBUG] stereo depth: 2.656525135040283
heading: 1.772854842207763
[DEBUG] stereo depth: 2.656525135040283
heading: 1.7854043728910893
[DEBUG] stereo depth: 2.656525135040283
heading: 1.7907786330351951
[DEBUG] stereo depth: 2.656525135040283
heading: 1.8133347762994687
[DEBUG] stereo depth: 2.656525135040283
heading: 1.829077512512878
[DEBUG] stereo depth: 3.055389165878296
heading: 1.842584090625524
[DEBUG] stereo depth: 3.055389165878296
no flag u: [1.0, -0.541378214940083, 1.6999998688697815, 1.0, 1.4499998688697815]
heading: 1.8637244518257792
[DEBUG] stereo depth: 3.055389165878296
no flag u: [1.0, -0.23509985007037515, 1.5999999642372131, 1.0, 1.3499999642372131]
heading: 1.8778420971503962
[DEBUG] stereo depth: 3.055389165878296
no flag u: [1.0, -0.4847372244267265, 1.5999999642372131, 1.0, 1.3499999642372131]
heading: 1.8807159072390138
[DEBUG] stereo depth: 3.055389165878296
no flag u: [1.0, -0.5193824129274911, 1.5999999642372131, 0.18310842994498522, 1.3499999642372131]
heading: 1.8852162602959102
[DEBUG] stereo depth: 3.055389165878296
no flag u: [1.0, 0.4308561627131099, 1.6499999165534973, -0.027669739083374, 1.3999999165534973]
heading: 1.878859097377238
[DEBUG] stereo depth: 3.055389165878296
no flag u: [1.0, 0.4051223812979917, 1.5999999642372131, 0.01693177363551457, 1.3499999642372131]
heading: 1.876205492429618
[DEBUG] stereo depth: 3.3282933235168457
no flag u: [1.0, 1.0, 1.6499999165534973, 0.6754823545349151, 1.3999999165534973]
heading: 1.876598308097597
[DEBUG] stereo depth: 3.3282933235168457
no flag u: [1.0, 1.0, 1.550000011920929, 1.0, 1.300000011920929]
heading: 1.8881068520131399
[DEBUG] stereo depth: 3.3282933235168457
no flag u: [1.0, 1.0, 1.5000000596046448, 1.0, 1.2500000596046448]
heading: 1.8950439373356813
[DEBUG] stereo depth: 3.3282933235168457
no flag u: [1.0, 1.0, 1.5000000596046448, 1.0, 1.2500000596046448]
heading: 1.8932477378504784
[DEBUG] stereo depth: 3.3282933235168457
no flag u: [1.0, 1.0, 1.550000011920929, 1.0, 1.300000011920929]
heading: 1.8884863084369952
[DEBUG] stereo depth: 3.3282933235168457
no flag u: [1.0, 1.0, 1.3999998569488525, 1.0, 1.1499998569488525]
heading: 1.8839834700458704
[DEBUG] stereo depth: 3.3282933235168457
no flag u: [1.0, 1.0, 1.550000011920929, 1.0, 1.300000011920929]
heading: 1.8844147959544615
[DEBUG] stereo depth: 3.3282933235168457
no flag u: [1.0, 1.0, 1.4500001072883606, 1.0, 1.2000001072883606]
heading: 1.8899009399641866
[DEBUG] stereo depth: 3.3562521934509277
no flag u: [1.0, 1.0, 1.4500001072883606, 1.0, 1.2000001072883606]
heading: 1.8899150671259195
[DEBUG] stereo depth: 3.3562521934509277
no flag u: [1.0, 1.0, 1.3499999046325684, 1.0, 1.0999999046325684]
heading: 1.9012329905432406
[DEBUG] stereo depth: 3.3562521934509277
no flag u: [1.0, 1.0, 1.3499999046325684, 1.0, 1.0999999046325684]
heading: 1.918148747699549
[DEBUG] stereo depth: 3.3562521934509277
no flag u: [1.0, 1.0, 1.2999999523162842, 1.0, 1.0499999523162842]
heading: 1.937183685299984
[DEBUG] stereo depth: 3.3562521934509277
no flag u: [1.0, 1.0, 1.3499999046325684, 1.0, 1.0999999046325684]
heading: 1.9543342251314375
[DEBUG] stereo depth: 3.3562521934509277
no flag u: [1.0, 1.0, 1.25, 1.0, 1.0]
heading: 1.989934500648694
[DEBUG] stereo depth: 3.3562521934509277
no flag u: [1.0, -0.24074173144822264, 1.2000000476837158, 1.0, 0.9500000476837158]
heading: 2.0150475049091807
[DEBUG] stereo depth: 3.3562521934509277
no flag u: [1.0, -0.9895854237179438, 1.2000000476837158, 1.0, 0.9500000476837158]
heading: 2.02878744166555
[DEBUG] stereo depth: 3.7043800354003906
no flag u: [1.0, -1.0, 1.1500000953674316, 1.0, 0.9000000953674316]
heading: 2.035613404430678
[DEBUG] stereo depth: 3.7043800354003906
no flag u: [1.0, -1.0, 1.1500000953674316, 1.0, 0.9000000953674316]
heading: 2.0772208938701047
[DEBUG] stereo depth: 3.7043800354003906
no flag u: [1.0, -1.0, 1.2000000476837158, 1.0, 0.9500000476837158]
heading: 2.1271981352822
[DEBUG] stereo depth: 3.7043800354003906
no flag u: [1.0, -1.0, 1.1500000953674316, 1.0, 0.9000000953674316]
heading: 2.1490999011009833
[DEBUG] stereo depth: 3.7043800354003906
no flag u: [1.0, -1.0, 1.1000001430511475, 1.0, 0.8500001430511475]
heading: 2.1776251886834155
[DEBUG] stereo depth: 3.4825961589813232
no flag u: [1.0, -1.0, 1.1000001430511475, 1.0, 0.8500001430511475]
heading: 2.2171184985053043
[DEBUG] stereo depth: 3.4825961589813232
no flag u: [1.0, -1.0, 1.2000000476837158, 0.11579900239000662, 0.9500000476837158]
heading: 2.2457050628523882
[DEBUG] stereo depth: 3.4825961589813232
no flag u: [1.0, -1.0, 1.2000000476837158, -1.0, 0.9500000476837158]
heading: 2.2589339535060455
[DEBUG] stereo depth: 3.4825961589813232
no flag u: [1.0, -1.0, 1.0499998927116394, -1.0, 0.7999998927116394]
heading: 2.276249411700726
[DEBUG] stereo depth: 3.4825961589813232
no flag u: [1.0, -0.41577605745891383, 1.1500000953674316, -1.0, 0.9000000953674316]
heading: 2.30791303922363
[DEBUG] stereo depth: 3.4825961589813232
no flag u: [1.0, 1.0, 1.2999999523162842, -1.0, 1.0499999523162842]
heading: 2.3524702624424916
[DEBUG] stereo depth: 3.235044002532959
no flag u: [1.0, 1.0, 1.2000000476837158, -1.0, 0.9500000476837158]
heading: 2.4025525422700653
[DEBUG] stereo depth: 3.235044002532959
no flag u: [1.0, 1.0, 1.2999999523162842, -1.0, 1.0499999523162842]
heading: 2.4345987165208154
[DEBUG] stereo depth: 3.235044002532959
no flag u: [1.0, 1.0, 1.2999999523162842, -0.981913953863577, 1.0499999523162842]
heading: 2.4753899039697664
[DEBUG] stereo depth: 3.235044002532959
no flag u: [1.0, 1.0, 1.2999999523162842, -0.8906163587747795, 1.0499999523162842]
heading: 2.507237464593739
[DEBUG] stereo depth: 3.235044002532959
no flag u: [1.0, 0.6560699000591655, 1.2000000476837158, -0.8702395989292837, 0.9500000476837158]
heading: 2.52686236735686
[DEBUG] stereo depth: 2.9475200176239014
no flag u: [1.0, -1.0, 1.2999999523162842, -0.45050857760356067, 1.0499999523162842]
