[0.765s] Invoking command in '/home/zach/Documents/turtle_urdf_ws/src/turtle_urdf': CONDA_PROMPT_MODIFIER=(base) PYTHONPATH=/home/zach/Documents/turtle_urdf_ws/build/turtle_urdf/prefix_override:/home/zach/Documents/turtle_urdf_ws/install/turtle_urdf/lib/python3.10/site-packages:${PYTHONPATH} /usr/bin/python3 setup.py egg_info --egg-base ../../build/turtle_urdf build --build-base /home/zach/Documents/turtle_urdf_ws/build/turtle_urdf/build install --record /home/zach/Documents/turtle_urdf_ws/build/turtle_urdf/install.log --single-version-externally-managed
[1.031s] running egg_info
[1.032s] creating ../../build/turtle_urdf/turtle_urdf.egg-info
[1.032s] writing ../../build/turtle_urdf/turtle_urdf.egg-info/PKG-INFO
[1.032s] writing dependency_links to ../../build/turtle_urdf/turtle_urdf.egg-info/dependency_links.txt
[1.032s] writing entry points to ../../build/turtle_urdf/turtle_urdf.egg-info/entry_points.txt
[1.032s] writing requirements to ../../build/turtle_urdf/turtle_urdf.egg-info/requires.txt
[1.032s] writing top-level names to ../../build/turtle_urdf/turtle_urdf.egg-info/top_level.txt
[1.033s] writing manifest file '../../build/turtle_urdf/turtle_urdf.egg-info/SOURCES.txt'
[1.034s] reading manifest file '../../build/turtle_urdf/turtle_urdf.egg-info/SOURCES.txt'
[1.035s] writing manifest file '../../build/turtle_urdf/turtle_urdf.egg-info/SOURCES.txt'
[1.036s] running build
[1.036s] running build_py
[1.036s] creating /home/zach/Documents/turtle_urdf_ws/build/turtle_urdf/build
[1.036s] creating /home/zach/Documents/turtle_urdf_ws/build/turtle_urdf/build/lib
[1.036s] creating /home/zach/Documents/turtle_urdf_ws/build/turtle_urdf/build/lib/turtle_urdf
[1.036s] copying turtle_urdf/__init__.py -> /home/zach/Documents/turtle_urdf_ws/build/turtle_urdf/build/lib/turtle_urdf
[1.036s] running install
[1.039s] /usr/lib/python3/dist-packages/setuptools/command/install.py:34: SetuptoolsDeprecationWarning: setup.py install is deprecated. Use build and pip and other standards-based tools.
[1.039s]   warnings.warn(
[1.039s] running install_lib
[1.040s] creating /home/zach/Documents/turtle_urdf_ws/install/turtle_urdf/lib/python3.10/site-packages/turtle_urdf
[1.040s] copying /home/zach/Documents/turtle_urdf_ws/build/turtle_urdf/build/lib/turtle_urdf/__init__.py -> /home/zach/Documents/turtle_urdf_ws/install/turtle_urdf/lib/python3.10/site-packages/turtle_urdf
[1.040s] byte-compiling /home/zach/Documents/turtle_urdf_ws/install/turtle_urdf/lib/python3.10/site-packages/turtle_urdf/__init__.py to __init__.cpython-310.pyc
[1.040s] running install_data
[1.041s] creating /home/zach/Documents/turtle_urdf_ws/install/turtle_urdf/share/ament_index
[1.041s] creating /home/zach/Documents/turtle_urdf_ws/install/turtle_urdf/share/ament_index/resource_index
[1.041s] creating /home/zach/Documents/turtle_urdf_ws/install/turtle_urdf/share/ament_index/resource_index/packages
[1.041s] copying resource/turtle_urdf -> /home/zach/Documents/turtle_urdf_ws/install/turtle_urdf/share/ament_index/resource_index/packages
[1.042s] copying package.xml -> /home/zach/Documents/turtle_urdf_ws/install/turtle_urdf/share/turtle_urdf
[1.042s] copying launch/launch.py -> /home/zach/Documents/turtle_urdf_ws/install/turtle_urdf/share/turtle_urdf
[1.042s] creating /home/zach/Documents/turtle_urdf_ws/install/turtle_urdf/share/turtle_urdf/urdf
[1.042s] copying urdf/turtle_assem.urdf -> /home/zach/Documents/turtle_urdf_ws/install/turtle_urdf/share/turtle_urdf/urdf/
[1.042s] creating /home/zach/Documents/turtle_urdf_ws/install/turtle_urdf/share/turtle_urdf/rviz
[1.042s] creating /home/zach/Documents/turtle_urdf_ws/install/turtle_urdf/share/turtle_urdf/meshes
[1.042s] creating /home/zach/Documents/turtle_urdf_ws/install/turtle_urdf/share/turtle_urdf/meshes/collision
[1.042s] copying meshes/collision/finger_r2_tip.STL -> /home/zach/Documents/turtle_urdf_ws/install/turtle_urdf/share/turtle_urdf/meshes/collision/
[1.042s] copying meshes/collision/finger_2_distal.STL -> /home/zach/Documents/turtle_urdf_ws/install/turtle_urdf/share/turtle_urdf/meshes/collision/
[1.043s] copying meshes/collision/left_distal_toe_1.STL -> /home/zach/Documents/turtle_urdf_ws/install/turtle_urdf/share/turtle_urdf/meshes/collision/
[1.043s] copying meshes/collision/shoulder_r3.STL -> /home/zach/Documents/turtle_urdf_ws/install/turtle_urdf/share/turtle_urdf/meshes/collision/
[1.043s] copying meshes/collision/left_proximal_toe_2.STL -> /home/zach/Documents/turtle_urdf_ws/install/turtle_urdf/share/turtle_urdf/meshes/collision/
[1.043s] copying meshes/collision/right_rear_motor_1.STL -> /home/zach/Documents/turtle_urdf_ws/install/turtle_urdf/share/turtle_urdf/meshes/collision/
[1.044s] copying meshes/collision/right_distal_toe_2.STL -> /home/zach/Documents/turtle_urdf_ws/install/turtle_urdf/share/turtle_urdf/meshes/collision/
[1.045s] copying meshes/collision/finger_2.STL -> /home/zach/Documents/turtle_urdf_ws/install/turtle_urdf/share/turtle_urdf/meshes/collision/
[1.045s] copying meshes/collision/finger_r3_tip.STL -> /home/zach/Documents/turtle_urdf_ws/install/turtle_urdf/share/turtle_urdf/meshes/collision/
[1.045s] copying meshes/collision/finger_r1.STL -> /home/zach/Documents/turtle_urdf_ws/install/turtle_urdf/share/turtle_urdf/meshes/collision/
[1.046s] copying meshes/collision/left_proximal_toe_1.STL -> /home/zach/Documents/turtle_urdf_ws/install/turtle_urdf/share/turtle_urdf/meshes/collision/
[1.046s] copying meshes/collision/shoulder_r1.STL -> /home/zach/Documents/turtle_urdf_ws/install/turtle_urdf/share/turtle_urdf/meshes/collision/
[1.047s] copying meshes/collision/right_distal_toe_1.STL -> /home/zach/Documents/turtle_urdf_ws/install/turtle_urdf/share/turtle_urdf/meshes/collision/
[1.048s] copying meshes/collision/forearm.STL -> /home/zach/Documents/turtle_urdf_ws/install/turtle_urdf/share/turtle_urdf/meshes/collision/
[1.048s] copying meshes/collision/right_proximal_toe_1.STL -> /home/zach/Documents/turtle_urdf_ws/install/turtle_urdf/share/turtle_urdf/meshes/collision/
[1.048s] copying meshes/collision/hand.STL -> /home/zach/Documents/turtle_urdf_ws/install/turtle_urdf/share/turtle_urdf/meshes/collision/
[1.048s] copying meshes/collision/finger_1.STL -> /home/zach/Documents/turtle_urdf_ws/install/turtle_urdf/share/turtle_urdf/meshes/collision/
[1.049s] copying meshes/collision/right_proximal_toe_2.STL -> /home/zach/Documents/turtle_urdf_ws/install/turtle_urdf/share/turtle_urdf/meshes/collision/
[1.049s] copying meshes/collision/hand_r.STL -> /home/zach/Documents/turtle_urdf_ws/install/turtle_urdf/share/turtle_urdf/meshes/collision/
[1.049s] copying meshes/collision/right_rear_motor_2.STL -> /home/zach/Documents/turtle_urdf_ws/install/turtle_urdf/share/turtle_urdf/meshes/collision/
[1.050s] copying meshes/collision/humerus.STL -> /home/zach/Documents/turtle_urdf_ws/install/turtle_urdf/share/turtle_urdf/meshes/collision/
[1.050s] copying meshes/collision/base_link.STL -> /home/zach/Documents/turtle_urdf_ws/install/turtle_urdf/share/turtle_urdf/meshes/collision/
[1.053s] copying meshes/collision/finger_r2_forefinger.STL -> /home/zach/Documents/turtle_urdf_ws/install/turtle_urdf/share/turtle_urdf/meshes/collision/
[1.053s] copying meshes/collision/left_rear_motor_2.STL -> /home/zach/Documents/turtle_urdf_ws/install/turtle_urdf/share/turtle_urdf/meshes/collision/
[1.054s] copying meshes/collision/ulna_r.STL -> /home/zach/Documents/turtle_urdf_ws/install/turtle_urdf/share/turtle_urdf/meshes/collision/
[1.055s] copying meshes/collision/motor3.STL -> /home/zach/Documents/turtle_urdf_ws/install/turtle_urdf/share/turtle_urdf/meshes/collision/
[1.056s] copying meshes/collision/finger_r3_forefinger.STL -> /home/zach/Documents/turtle_urdf_ws/install/turtle_urdf/share/turtle_urdf/meshes/collision/
[1.056s] copying meshes/collision/thumb_2.STL -> /home/zach/Documents/turtle_urdf_ws/install/turtle_urdf/share/turtle_urdf/meshes/collision/
[1.056s] copying meshes/collision/shoulder_r2.STL -> /home/zach/Documents/turtle_urdf_ws/install/turtle_urdf/share/turtle_urdf/meshes/collision/
[1.057s] copying meshes/collision/left_distal_toe_2.STL -> /home/zach/Documents/turtle_urdf_ws/install/turtle_urdf/share/turtle_urdf/meshes/collision/
[1.057s] copying meshes/collision/left_rear_motor_1.STL -> /home/zach/Documents/turtle_urdf_ws/install/turtle_urdf/share/turtle_urdf/meshes/collision/
[1.058s] copying meshes/collision/thumb.STL -> /home/zach/Documents/turtle_urdf_ws/install/turtle_urdf/share/turtle_urdf/meshes/collision/
[1.059s] copying meshes/collision/motor2.STL -> /home/zach/Documents/turtle_urdf_ws/install/turtle_urdf/share/turtle_urdf/meshes/collision/
[1.060s] creating /home/zach/Documents/turtle_urdf_ws/install/turtle_urdf/share/turtle_urdf/meshes/visual
[1.060s] copying meshes/visual/finger_r2_tip.STL -> /home/zach/Documents/turtle_urdf_ws/install/turtle_urdf/share/turtle_urdf/meshes/visual/
[1.060s] copying meshes/visual/finger_2_distal.STL -> /home/zach/Documents/turtle_urdf_ws/install/turtle_urdf/share/turtle_urdf/meshes/visual/
[1.060s] copying meshes/visual/left_distal_toe_1.STL -> /home/zach/Documents/turtle_urdf_ws/install/turtle_urdf/share/turtle_urdf/meshes/visual/
[1.061s] copying meshes/visual/shoulder_r3.STL -> /home/zach/Documents/turtle_urdf_ws/install/turtle_urdf/share/turtle_urdf/meshes/visual/
[1.061s] copying meshes/visual/left_proximal_toe_2.STL -> /home/zach/Documents/turtle_urdf_ws/install/turtle_urdf/share/turtle_urdf/meshes/visual/
[1.061s] copying meshes/visual/right_rear_motor_1.STL -> /home/zach/Documents/turtle_urdf_ws/install/turtle_urdf/share/turtle_urdf/meshes/visual/
[1.062s] copying meshes/visual/right_distal_toe_2.STL -> /home/zach/Documents/turtle_urdf_ws/install/turtle_urdf/share/turtle_urdf/meshes/visual/
[1.063s] copying meshes/visual/finger_2.STL -> /home/zach/Documents/turtle_urdf_ws/install/turtle_urdf/share/turtle_urdf/meshes/visual/
[1.063s] copying meshes/visual/finger_r3_tip.STL -> /home/zach/Documents/turtle_urdf_ws/install/turtle_urdf/share/turtle_urdf/meshes/visual/
[1.063s] copying meshes/visual/finger_r1.STL -> /home/zach/Documents/turtle_urdf_ws/install/turtle_urdf/share/turtle_urdf/meshes/visual/
[1.063s] copying meshes/visual/left_proximal_toe_1.STL -> /home/zach/Documents/turtle_urdf_ws/install/turtle_urdf/share/turtle_urdf/meshes/visual/
[1.064s] copying meshes/visual/shoulder_r1.STL -> /home/zach/Documents/turtle_urdf_ws/install/turtle_urdf/share/turtle_urdf/meshes/visual/
[1.065s] copying meshes/visual/right_distal_toe_1.STL -> /home/zach/Documents/turtle_urdf_ws/install/turtle_urdf/share/turtle_urdf/meshes/visual/
[1.065s] copying meshes/visual/forearm.STL -> /home/zach/Documents/turtle_urdf_ws/install/turtle_urdf/share/turtle_urdf/meshes/visual/
[1.065s] copying meshes/visual/right_proximal_toe_1.STL -> /home/zach/Documents/turtle_urdf_ws/install/turtle_urdf/share/turtle_urdf/meshes/visual/
[1.066s] copying meshes/visual/hand.STL -> /home/zach/Documents/turtle_urdf_ws/install/turtle_urdf/share/turtle_urdf/meshes/visual/
[1.066s] copying meshes/visual/finger_1.STL -> /home/zach/Documents/turtle_urdf_ws/install/turtle_urdf/share/turtle_urdf/meshes/visual/
[1.066s] copying meshes/visual/right_proximal_toe_2.STL -> /home/zach/Documents/turtle_urdf_ws/install/turtle_urdf/share/turtle_urdf/meshes/visual/
[1.066s] copying meshes/visual/hand_r.STL -> /home/zach/Documents/turtle_urdf_ws/install/turtle_urdf/share/turtle_urdf/meshes/visual/
[1.067s] copying meshes/visual/right_rear_motor_2.STL -> /home/zach/Documents/turtle_urdf_ws/install/turtle_urdf/share/turtle_urdf/meshes/visual/
[1.068s] copying meshes/visual/humerus.STL -> /home/zach/Documents/turtle_urdf_ws/install/turtle_urdf/share/turtle_urdf/meshes/visual/
[1.068s] copying meshes/visual/base_link.STL -> /home/zach/Documents/turtle_urdf_ws/install/turtle_urdf/share/turtle_urdf/meshes/visual/
[1.071s] copying meshes/visual/finger_r2_forefinger.STL -> /home/zach/Documents/turtle_urdf_ws/install/turtle_urdf/share/turtle_urdf/meshes/visual/
[1.071s] copying meshes/visual/left_rear_motor_2.STL -> /home/zach/Documents/turtle_urdf_ws/install/turtle_urdf/share/turtle_urdf/meshes/visual/
[1.072s] copying meshes/visual/ulna_r.STL -> /home/zach/Documents/turtle_urdf_ws/install/turtle_urdf/share/turtle_urdf/meshes/visual/
[1.072s] copying meshes/visual/motor3.STL -> /home/zach/Documents/turtle_urdf_ws/install/turtle_urdf/share/turtle_urdf/meshes/visual/
[1.073s] copying meshes/visual/finger_r3_forefinger.STL -> /home/zach/Documents/turtle_urdf_ws/install/turtle_urdf/share/turtle_urdf/meshes/visual/
[1.074s] copying meshes/visual/thumb_2.STL -> /home/zach/Documents/turtle_urdf_ws/install/turtle_urdf/share/turtle_urdf/meshes/visual/
[1.074s] copying meshes/visual/shoulder_r2.STL -> /home/zach/Documents/turtle_urdf_ws/install/turtle_urdf/share/turtle_urdf/meshes/visual/
[1.075s] copying meshes/visual/left_distal_toe_2.STL -> /home/zach/Documents/turtle_urdf_ws/install/turtle_urdf/share/turtle_urdf/meshes/visual/
[1.075s] copying meshes/visual/left_rear_motor_1.STL -> /home/zach/Documents/turtle_urdf_ws/install/turtle_urdf/share/turtle_urdf/meshes/visual/
[1.076s] copying meshes/visual/thumb.STL -> /home/zach/Documents/turtle_urdf_ws/install/turtle_urdf/share/turtle_urdf/meshes/visual/
[1.077s] copying meshes/visual/motor2.STL -> /home/zach/Documents/turtle_urdf_ws/install/turtle_urdf/share/turtle_urdf/meshes/visual/
[1.078s] running install_egg_info
[1.080s] Copying ../../build/turtle_urdf/turtle_urdf.egg-info to /home/zach/Documents/turtle_urdf_ws/install/turtle_urdf/lib/python3.10/site-packages/turtle_urdf-0.0.0-py3.10.egg-info
[1.080s] running install_scripts
[1.102s] writing list of installed files to '/home/zach/Documents/turtle_urdf_ws/build/turtle_urdf/install.log'
[1.129s] Invoked command in '/home/zach/Documents/turtle_urdf_ws/src/turtle_urdf' returned '0': CONDA_PROMPT_MODIFIER=(base) PYTHONPATH=/home/zach/Documents/turtle_urdf_ws/build/turtle_urdf/prefix_override:/home/zach/Documents/turtle_urdf_ws/install/turtle_urdf/lib/python3.10/site-packages:${PYTHONPATH} /usr/bin/python3 setup.py egg_info --egg-base ../../build/turtle_urdf build --build-base /home/zach/Documents/turtle_urdf_ws/build/turtle_urdf/build install --record /home/zach/Documents/turtle_urdf_ws/build/turtle_urdf/install.log --single-version-externally-managed
