/home/zach/Documents/turtle_urdf_ws/install/turtle_urdf/lib/python3.10/site-packages/turtle_urdf/__init__.py
/home/zach/Documents/turtle_urdf_ws/install/turtle_urdf/lib/python3.10/site-packages/turtle_urdf/__pycache__/__init__.cpython-310.pyc
/home/zach/Documents/turtle_urdf_ws/install/turtle_urdf/share/ament_index/resource_index/packages/turtle_urdf
/home/zach/Documents/turtle_urdf_ws/install/turtle_urdf/share/turtle_urdf/package.xml
/home/zach/Documents/turtle_urdf_ws/install/turtle_urdf/share/turtle_urdf/launch.py
/home/zach/Documents/turtle_urdf_ws/install/turtle_urdf/share/turtle_urdf/urdf/turtle_assem.urdf
/home/zach/Documents/turtle_urdf_ws/install/turtle_urdf/share/turtle_urdf/rviz/
/home/zach/Documents/turtle_urdf_ws/install/turtle_urdf/share/turtle_urdf/meshes/collision/finger_r2_tip.STL
/home/zach/Documents/turtle_urdf_ws/install/turtle_urdf/share/turtle_urdf/meshes/collision/finger_2_distal.STL
/home/zach/Documents/turtle_urdf_ws/install/turtle_urdf/share/turtle_urdf/meshes/collision/left_distal_toe_1.STL
/home/zach/Documents/turtle_urdf_ws/install/turtle_urdf/share/turtle_urdf/meshes/collision/shoulder_r3.STL
/home/zach/Documents/turtle_urdf_ws/install/turtle_urdf/share/turtle_urdf/meshes/collision/left_proximal_toe_2.STL
/home/zach/Documents/turtle_urdf_ws/install/turtle_urdf/share/turtle_urdf/meshes/collision/right_rear_motor_1.STL
/home/zach/Documents/turtle_urdf_ws/install/turtle_urdf/share/turtle_urdf/meshes/collision/right_distal_toe_2.STL
/home/zach/Documents/turtle_urdf_ws/install/turtle_urdf/share/turtle_urdf/meshes/collision/finger_2.STL
/home/zach/Documents/turtle_urdf_ws/install/turtle_urdf/share/turtle_urdf/meshes/collision/finger_r3_tip.STL
/home/zach/Documents/turtle_urdf_ws/install/turtle_urdf/share/turtle_urdf/meshes/collision/finger_r1.STL
/home/zach/Documents/turtle_urdf_ws/install/turtle_urdf/share/turtle_urdf/meshes/collision/left_proximal_toe_1.STL
/home/zach/Documents/turtle_urdf_ws/install/turtle_urdf/share/turtle_urdf/meshes/collision/shoulder_r1.STL
/home/zach/Documents/turtle_urdf_ws/install/turtle_urdf/share/turtle_urdf/meshes/collision/right_distal_toe_1.STL
/home/zach/Documents/turtle_urdf_ws/install/turtle_urdf/share/turtle_urdf/meshes/collision/forearm.STL
/home/zach/Documents/turtle_urdf_ws/install/turtle_urdf/share/turtle_urdf/meshes/collision/right_proximal_toe_1.STL
/home/zach/Documents/turtle_urdf_ws/install/turtle_urdf/share/turtle_urdf/meshes/collision/hand.STL
/home/zach/Documents/turtle_urdf_ws/install/turtle_urdf/share/turtle_urdf/meshes/collision/finger_1.STL
/home/zach/Documents/turtle_urdf_ws/install/turtle_urdf/share/turtle_urdf/meshes/collision/right_proximal_toe_2.STL
/home/zach/Documents/turtle_urdf_ws/install/turtle_urdf/share/turtle_urdf/meshes/collision/hand_r.STL
/home/zach/Documents/turtle_urdf_ws/install/turtle_urdf/share/turtle_urdf/meshes/collision/right_rear_motor_2.STL
/home/zach/Documents/turtle_urdf_ws/install/turtle_urdf/share/turtle_urdf/meshes/collision/humerus.STL
/home/zach/Documents/turtle_urdf_ws/install/turtle_urdf/share/turtle_urdf/meshes/collision/base_link.STL
/home/zach/Documents/turtle_urdf_ws/install/turtle_urdf/share/turtle_urdf/meshes/collision/finger_r2_forefinger.STL
/home/zach/Documents/turtle_urdf_ws/install/turtle_urdf/share/turtle_urdf/meshes/collision/left_rear_motor_2.STL
/home/zach/Documents/turtle_urdf_ws/install/turtle_urdf/share/turtle_urdf/meshes/collision/ulna_r.STL
/home/zach/Documents/turtle_urdf_ws/install/turtle_urdf/share/turtle_urdf/meshes/collision/motor3.STL
/home/zach/Documents/turtle_urdf_ws/install/turtle_urdf/share/turtle_urdf/meshes/collision/finger_r3_forefinger.STL
/home/zach/Documents/turtle_urdf_ws/install/turtle_urdf/share/turtle_urdf/meshes/collision/thumb_2.STL
/home/zach/Documents/turtle_urdf_ws/install/turtle_urdf/share/turtle_urdf/meshes/collision/shoulder_r2.STL
/home/zach/Documents/turtle_urdf_ws/install/turtle_urdf/share/turtle_urdf/meshes/collision/left_distal_toe_2.STL
/home/zach/Documents/turtle_urdf_ws/install/turtle_urdf/share/turtle_urdf/meshes/collision/left_rear_motor_1.STL
/home/zach/Documents/turtle_urdf_ws/install/turtle_urdf/share/turtle_urdf/meshes/collision/thumb.STL
/home/zach/Documents/turtle_urdf_ws/install/turtle_urdf/share/turtle_urdf/meshes/collision/motor2.STL
/home/zach/Documents/turtle_urdf_ws/install/turtle_urdf/share/turtle_urdf/meshes/visual/finger_r2_tip.STL
/home/zach/Documents/turtle_urdf_ws/install/turtle_urdf/share/turtle_urdf/meshes/visual/finger_2_distal.STL
/home/zach/Documents/turtle_urdf_ws/install/turtle_urdf/share/turtle_urdf/meshes/visual/left_distal_toe_1.STL
/home/zach/Documents/turtle_urdf_ws/install/turtle_urdf/share/turtle_urdf/meshes/visual/shoulder_r3.STL
/home/zach/Documents/turtle_urdf_ws/install/turtle_urdf/share/turtle_urdf/meshes/visual/left_proximal_toe_2.STL
/home/zach/Documents/turtle_urdf_ws/install/turtle_urdf/share/turtle_urdf/meshes/visual/right_rear_motor_1.STL
/home/zach/Documents/turtle_urdf_ws/install/turtle_urdf/share/turtle_urdf/meshes/visual/right_distal_toe_2.STL
/home/zach/Documents/turtle_urdf_ws/install/turtle_urdf/share/turtle_urdf/meshes/visual/finger_2.STL
/home/zach/Documents/turtle_urdf_ws/install/turtle_urdf/share/turtle_urdf/meshes/visual/finger_r3_tip.STL
/home/zach/Documents/turtle_urdf_ws/install/turtle_urdf/share/turtle_urdf/meshes/visual/finger_r1.STL
/home/zach/Documents/turtle_urdf_ws/install/turtle_urdf/share/turtle_urdf/meshes/visual/left_proximal_toe_1.STL
/home/zach/Documents/turtle_urdf_ws/install/turtle_urdf/share/turtle_urdf/meshes/visual/shoulder_r1.STL
/home/zach/Documents/turtle_urdf_ws/install/turtle_urdf/share/turtle_urdf/meshes/visual/right_distal_toe_1.STL
/home/zach/Documents/turtle_urdf_ws/install/turtle_urdf/share/turtle_urdf/meshes/visual/forearm.STL
/home/zach/Documents/turtle_urdf_ws/install/turtle_urdf/share/turtle_urdf/meshes/visual/right_proximal_toe_1.STL
/home/zach/Documents/turtle_urdf_ws/install/turtle_urdf/share/turtle_urdf/meshes/visual/hand.STL
/home/zach/Documents/turtle_urdf_ws/install/turtle_urdf/share/turtle_urdf/meshes/visual/finger_1.STL
/home/zach/Documents/turtle_urdf_ws/install/turtle_urdf/share/turtle_urdf/meshes/visual/right_proximal_toe_2.STL
/home/zach/Documents/turtle_urdf_ws/install/turtle_urdf/share/turtle_urdf/meshes/visual/hand_r.STL
/home/zach/Documents/turtle_urdf_ws/install/turtle_urdf/share/turtle_urdf/meshes/visual/right_rear_motor_2.STL
/home/zach/Documents/turtle_urdf_ws/install/turtle_urdf/share/turtle_urdf/meshes/visual/humerus.STL
/home/zach/Documents/turtle_urdf_ws/install/turtle_urdf/share/turtle_urdf/meshes/visual/base_link.STL
/home/zach/Documents/turtle_urdf_ws/install/turtle_urdf/share/turtle_urdf/meshes/visual/finger_r2_forefinger.STL
/home/zach/Documents/turtle_urdf_ws/install/turtle_urdf/share/turtle_urdf/meshes/visual/left_rear_motor_2.STL
/home/zach/Documents/turtle_urdf_ws/install/turtle_urdf/share/turtle_urdf/meshes/visual/ulna_r.STL
/home/zach/Documents/turtle_urdf_ws/install/turtle_urdf/share/turtle_urdf/meshes/visual/motor3.STL
/home/zach/Documents/turtle_urdf_ws/install/turtle_urdf/share/turtle_urdf/meshes/visual/finger_r3_forefinger.STL
/home/zach/Documents/turtle_urdf_ws/install/turtle_urdf/share/turtle_urdf/meshes/visual/thumb_2.STL
/home/zach/Documents/turtle_urdf_ws/install/turtle_urdf/share/turtle_urdf/meshes/visual/shoulder_r2.STL
/home/zach/Documents/turtle_urdf_ws/install/turtle_urdf/share/turtle_urdf/meshes/visual/left_distal_toe_2.STL
/home/zach/Documents/turtle_urdf_ws/install/turtle_urdf/share/turtle_urdf/meshes/visual/left_rear_motor_1.STL
/home/zach/Documents/turtle_urdf_ws/install/turtle_urdf/share/turtle_urdf/meshes/visual/thumb.STL
/home/zach/Documents/turtle_urdf_ws/install/turtle_urdf/share/turtle_urdf/meshes/visual/motor2.STL
/home/zach/Documents/turtle_urdf_ws/install/turtle_urdf/lib/python3.10/site-packages/turtle_urdf-0.0.0-py3.10.egg-info/entry_points.txt
/home/zach/Documents/turtle_urdf_ws/install/turtle_urdf/lib/python3.10/site-packages/turtle_urdf-0.0.0-py3.10.egg-info/dependency_links.txt
/home/zach/Documents/turtle_urdf_ws/install/turtle_urdf/lib/python3.10/site-packages/turtle_urdf-0.0.0-py3.10.egg-info/zip-safe
/home/zach/Documents/turtle_urdf_ws/install/turtle_urdf/lib/python3.10/site-packages/turtle_urdf-0.0.0-py3.10.egg-info/requires.txt
/home/zach/Documents/turtle_urdf_ws/install/turtle_urdf/lib/python3.10/site-packages/turtle_urdf-0.0.0-py3.10.egg-info/PKG-INFO
/home/zach/Documents/turtle_urdf_ws/install/turtle_urdf/lib/python3.10/site-packages/turtle_urdf-0.0.0-py3.10.egg-info/SOURCES.txt
/home/zach/Documents/turtle_urdf_ws/install/turtle_urdf/lib/python3.10/site-packages/turtle_urdf-0.0.0-py3.10.egg-info/top_level.txt
